{"total": {"lines":{"total":3877,"covered":2314,"skipped":0,"pct":59.68},"statements":{"total":3877,"covered":2314,"skipped":0,"pct":59.68},"functions":{"total":191,"covered":138,"skipped":0,"pct":72.25},"branches":{"total":792,"covered":682,"skipped":0,"pct":86.11},"branchesTrue":{"total":0,"covered":0,"skipped":0,"pct":100}}
,"/Users/orbarila/repos/personal/flint/src/App.tsx": {"lines":{"total":153,"covered":0,"skipped":0,"pct":0},"functions":{"total":1,"covered":0,"skipped":0,"pct":0},"statements":{"total":153,"covered":0,"skipped":0,"pct":0},"branches":{"total":1,"covered":0,"skipped":0,"pct":0}}
,"/Users/orbarila/repos/personal/flint/src/main.tsx": {"lines":{"total":22,"covered":0,"skipped":0,"pct":0},"functions":{"total":1,"covered":0,"skipped":0,"pct":0},"statements":{"total":22,"covered":0,"skipped":0,"pct":0},"branches":{"total":1,"covered":0,"skipped":0,"pct":0}}
,"/Users/orbarila/repos/personal/flint/src/vite-env.d.ts": {"lines":{"total":0,"covered":0,"skipped":0,"pct":100},"functions":{"total":1,"covered":1,"skipped":0,"pct":100},"statements":{"total":0,"covered":0,"skipped":0,"pct":100},"branches":{"total":1,"covered":1,"skipped":0,"pct":100}}
,"/Users/orbarila/repos/personal/flint/src/components/ActionPanel.tsx": {"lines":{"total":149,"covered":149,"skipped":0,"pct":100},"functions":{"total":6,"covered":6,"skipped":0,"pct":100},"statements":{"total":149,"covered":149,"skipped":0,"pct":100},"branches":{"total":52,"covered":49,"skipped":0,"pct":94.23}}
,"/Users/orbarila/repos/personal/flint/src/components/ChatPanel.tsx": {"lines":{"total":621,"covered":405,"skipped":0,"pct":65.21},"functions":{"total":28,"covered":13,"skipped":0,"pct":46.42},"statements":{"total":621,"covered":405,"skipped":0,"pct":65.21},"branches":{"total":137,"covered":116,"skipped":0,"pct":84.67}}
,"/Users/orbarila/repos/personal/flint/src/components/HintBar.tsx": {"lines":{"total":88,"covered":86,"skipped":0,"pct":97.72},"functions":{"total":2,"covered":2,"skipped":0,"pct":100},"statements":{"total":88,"covered":86,"skipped":0,"pct":97.72},"branches":{"total":24,"covered":23,"skipped":0,"pct":95.83}}
,"/Users/orbarila/repos/personal/flint/src/components/Kbd.tsx": {"lines":{"total":47,"covered":47,"skipped":0,"pct":100},"functions":{"total":2,"covered":2,"skipped":0,"pct":100},"statements":{"total":47,"covered":47,"skipped":0,"pct":100},"branches":{"total":11,"covered":11,"skipped":0,"pct":100}}
,"/Users/orbarila/repos/personal/flint/src/components/KindIcon.tsx": {"lines":{"total":34,"covered":0,"skipped":0,"pct":0},"functions":{"total":1,"covered":0,"skipped":0,"pct":0},"statements":{"total":34,"covered":0,"skipped":0,"pct":0},"branches":{"total":1,"covered":0,"skipped":0,"pct":0}}
,"/Users/orbarila/repos/personal/flint/src/components/ResultMeta.tsx": {"lines":{"total":11,"covered":0,"skipped":0,"pct":0},"functions":{"total":1,"covered":1,"skipped":0,"pct":100},"statements":{"total":11,"covered":0,"skipped":0,"pct":0},"branches":{"total":1,"covered":1,"skipped":0,"pct":100}}
,"/Users/orbarila/repos/personal/flint/src/components/ResultsList.tsx": {"lines":{"total":234,"covered":165,"skipped":0,"pct":70.51},"functions":{"total":7,"covered":5,"skipped":0,"pct":71.42},"statements":{"total":234,"covered":165,"skipped":0,"pct":70.51},"branches":{"total":58,"covered":53,"skipped":0,"pct":91.37}}
,"/Users/orbarila/repos/personal/flint/src/components/SearchBar.tsx": {"lines":{"total":330,"covered":252,"skipped":0,"pct":76.36},"functions":{"total":5,"covered":4,"skipped":0,"pct":80},"statements":{"total":330,"covered":252,"skipped":0,"pct":76.36},"branches":{"total":118,"covered":96,"skipped":0,"pct":81.35}}
,"/Users/orbarila/repos/personal/flint/src/components/Settings.tsx": {"lines":{"total":93,"covered":93,"skipped":0,"pct":100},"functions":{"total":2,"covered":2,"skipped":0,"pct":100},"statements":{"total":93,"covered":93,"skipped":0,"pct":100},"branches":{"total":15,"covered":15,"skipped":0,"pct":100}}
,"/Users/orbarila/repos/personal/flint/src/components/settings/AgentSettings.tsx": {"lines":{"total":255,"covered":225,"skipped":0,"pct":88.23},"functions":{"total":13,"covered":10,"skipped":0,"pct":76.92},"statements":{"total":255,"covered":225,"skipped":0,"pct":88.23},"branches":{"total":56,"covered":42,"skipped":0,"pct":75}}
,"/Users/orbarila/repos/personal/flint/src/components/settings/GeneralSettings.tsx": {"lines":{"total":143,"covered":0,"skipped":0,"pct":0},"functions":{"total":1,"covered":1,"skipped":0,"pct":100},"statements":{"total":143,"covered":0,"skipped":0,"pct":0},"branches":{"total":1,"covered":1,"skipped":0,"pct":100}}
,"/Users/orbarila/repos/personal/flint/src/components/settings/HotkeyRecorder.tsx": {"lines":{"total":131,"covered":0,"skipped":0,"pct":0},"functions":{"total":1,"covered":0,"skipped":0,"pct":0},"statements":{"total":131,"covered":0,"skipped":0,"pct":0},"branches":{"total":1,"covered":0,"skipped":0,"pct":0}}
,"/Users/orbarila/repos/personal/flint/src/components/settings/KitsSettings.tsx": {"lines":{"total":241,"covered":0,"skipped":0,"pct":0},"functions":{"total":1,"covered":0,"skipped":0,"pct":0},"statements":{"total":241,"covered":0,"skipped":0,"pct":0},"branches":{"total":1,"covered":0,"skipped":0,"pct":0}}
,"/Users/orbarila/repos/personal/flint/src/components/settings/ResetSection.tsx": {"lines":{"total":32,"covered":15,"skipped":0,"pct":46.87},"functions":{"total":5,"covered":1,"skipped":0,"pct":20},"statements":{"total":32,"covered":15,"skipped":0,"pct":46.87},"branches":{"total":2,"covered":1,"skipped":0,"pct":50}}
,"/Users/orbarila/repos/personal/flint/src/components/settings/SearchSettings.tsx": {"lines":{"total":88,"covered":0,"skipped":0,"pct":0},"functions":{"total":1,"covered":0,"skipped":0,"pct":0},"statements":{"total":88,"covered":0,"skipped":0,"pct":0},"branches":{"total":1,"covered":0,"skipped":0,"pct":0}}
,"/Users/orbarila/repos/personal/flint/src/hooks/useActionPanelDebug.ts": {"lines":{"total":24,"covered":0,"skipped":0,"pct":0},"functions":{"total":1,"covered":0,"skipped":0,"pct":0},"statements":{"total":24,"covered":0,"skipped":0,"pct":0},"branches":{"total":1,"covered":0,"skipped":0,"pct":0}}
,"/Users/orbarila/repos/personal/flint/src/hooks/useAppIcon.ts": {"lines":{"total":26,"covered":0,"skipped":0,"pct":0},"functions":{"total":1,"covered":0,"skipped":0,"pct":0},"statements":{"total":26,"covered":0,"skipped":0,"pct":0},"branches":{"total":1,"covered":0,"skipped":0,"pct":0}}
,"/Users/orbarila/repos/personal/flint/src/hooks/useChat.ts": {"lines":{"total":79,"covered":71,"skipped":0,"pct":89.87},"functions":{"total":4,"covered":4,"skipped":0,"pct":100},"statements":{"total":79,"covered":71,"skipped":0,"pct":89.87},"branches":{"total":16,"covered":13,"skipped":0,"pct":81.25}}
,"/Users/orbarila/repos/personal/flint/src/hooks/useCommandActivation.ts": {"lines":{"total":28,"covered":27,"skipped":0,"pct":96.42},"functions":{"total":2,"covered":2,"skipped":0,"pct":100},"statements":{"total":28,"covered":27,"skipped":0,"pct":96.42},"branches":{"total":7,"covered":6,"skipped":0,"pct":85.71}}
,"/Users/orbarila/repos/personal/flint/src/hooks/useConfig.ts": {"lines":{"total":33,"covered":33,"skipped":0,"pct":100},"functions":{"total":1,"covered":1,"skipped":0,"pct":100},"statements":{"total":33,"covered":33,"skipped":0,"pct":100},"branches":{"total":7,"covered":7,"skipped":0,"pct":100}}
,"/Users/orbarila/repos/personal/flint/src/hooks/useKeybindings.ts": {"lines":{"total":185,"covered":139,"skipped":0,"pct":75.13},"functions":{"total":6,"covered":4,"skipped":0,"pct":66.66},"statements":{"total":185,"covered":139,"skipped":0,"pct":75.13},"branches":{"total":60,"covered":58,"skipped":0,"pct":96.66}}
,"/Users/orbarila/repos/personal/flint/src/hooks/usePrefixDetection.ts": {"lines":{"total":49,"covered":49,"skipped":0,"pct":100},"functions":{"total":1,"covered":1,"skipped":0,"pct":100},"statements":{"total":49,"covered":49,"skipped":0,"pct":100},"branches":{"total":15,"covered":15,"skipped":0,"pct":100}}
,"/Users/orbarila/repos/personal/flint/src/hooks/useSearch.ts": {"lines":{"total":38,"covered":38,"skipped":0,"pct":100},"functions":{"total":1,"covered":1,"skipped":0,"pct":100},"statements":{"total":38,"covered":38,"skipped":0,"pct":100},"branches":{"total":18,"covered":18,"skipped":0,"pct":100}}
,"/Users/orbarila/repos/personal/flint/src/kits/CoreSearchResult.tsx": {"lines":{"total":23,"covered":0,"skipped":0,"pct":0},"functions":{"total":1,"covered":1,"skipped":0,"pct":100},"statements":{"total":23,"covered":0,"skipped":0,"pct":0},"branches":{"total":1,"covered":1,"skipped":0,"pct":100}}
,"/Users/orbarila/repos/personal/flint/src/kits/DefaultKitResult.tsx": {"lines":{"total":55,"covered":0,"skipped":0,"pct":0},"functions":{"total":1,"covered":1,"skipped":0,"pct":100},"statements":{"total":55,"covered":0,"skipped":0,"pct":0},"branches":{"total":1,"covered":1,"skipped":0,"pct":100}}
,"/Users/orbarila/repos/personal/flint/src/kits/index.ts": {"lines":{"total":7,"covered":0,"skipped":0,"pct":0},"functions":{"total":1,"covered":1,"skipped":0,"pct":100},"statements":{"total":7,"covered":0,"skipped":0,"pct":0},"branches":{"total":1,"covered":1,"skipped":0,"pct":100}}
,"/Users/orbarila/repos/personal/flint/src/kits/registry.ts": {"lines":{"total":11,"covered":9,"skipped":0,"pct":81.81},"functions":{"total":2,"covered":2,"skipped":0,"pct":100},"statements":{"total":11,"covered":9,"skipped":0,"pct":81.81},"branches":{"total":4,"covered":3,"skipped":0,"pct":75}}
,"/Users/orbarila/repos/personal/flint/src/kits/types.ts": {"lines":{"total":0,"covered":0,"skipped":0,"pct":100},"functions":{"total":1,"covered":1,"skipped":0,"pct":100},"statements":{"total":0,"covered":0,"skipped":0,"pct":100},"branches":{"total":1,"covered":1,"skipped":0,"pct":100}}
,"/Users/orbarila/repos/personal/flint/src/lib/applyTheme.ts": {"lines":{"total":30,"covered":16,"skipped":0,"pct":53.33},"functions":{"total":4,"covered":3,"skipped":0,"pct":75},"statements":{"total":30,"covered":16,"skipped":0,"pct":53.33},"branches":{"total":8,"covered":3,"skipped":0,"pct":37.5}}
,"/Users/orbarila/repos/personal/flint/src/lib/commands.ts": {"lines":{"total":96,"covered":56,"skipped":0,"pct":58.33},"functions":{"total":28,"covered":17,"skipped":0,"pct":60.71},"statements":{"total":96,"covered":56,"skipped":0,"pct":58.33},"branches":{"total":17,"covered":17,"skipped":0,"pct":100}}
,"/Users/orbarila/repos/personal/flint/src/lib/focus.ts": {"lines":{"total":11,"covered":11,"skipped":0,"pct":100},"functions":{"total":3,"covered":3,"skipped":0,"pct":100},"statements":{"total":11,"covered":11,"skipped":0,"pct":100},"branches":{"total":4,"covered":4,"skipped":0,"pct":100}}
,"/Users/orbarila/repos/personal/flint/src/lib/markdown.ts": {"lines":{"total":177,"covered":112,"skipped":0,"pct":63.27},"functions":{"total":4,"covered":4,"skipped":0,"pct":100},"statements":{"total":177,"covered":112,"skipped":0,"pct":63.27},"branches":{"total":45,"covered":32,"skipped":0,"pct":71.11}}
,"/Users/orbarila/repos/personal/flint/src/lib/platform.ts": {"lines":{"total":6,"covered":6,"skipped":0,"pct":100},"functions":{"total":2,"covered":2,"skipped":0,"pct":100},"statements":{"total":6,"covered":6,"skipped":0,"pct":100},"branches":{"total":2,"covered":2,"skipped":0,"pct":100}}
,"/Users/orbarila/repos/personal/flint/src/stores/chatStore.ts": {"lines":{"total":171,"covered":163,"skipped":0,"pct":95.32},"functions":{"total":29,"covered":25,"skipped":0,"pct":86.2},"statements":{"total":171,"covered":163,"skipped":0,"pct":95.32},"branches":{"total":45,"covered":44,"skipped":0,"pct":97.77}}
,"/Users/orbarila/repos/personal/flint/src/stores/searchStore.ts": {"lines":{"total":156,"covered":147,"skipped":0,"pct":94.23},"functions":{"total":19,"covered":17,"skipped":0,"pct":89.47},"statements":{"total":156,"covered":147,"skipped":0,"pct":94.23},"branches":{"total":56,"covered":47,"skipped":0,"pct":83.92}}
}
