TN:
SF:src/App.tsx
FN:1,(empty-report)
FNF:1
FNH:0
FNDA:0,(empty-report)
DA:1,0
DA:2,0
DA:3,0
DA:4,0
DA:8,0
DA:9,0
DA:10,0
DA:11,0
DA:12,0
DA:13,0
DA:14,0
DA:15,0
DA:16,0
DA:17,0
DA:18,0
DA:19,0
DA:20,0
DA:21,0
DA:22,0
DA:24,0
DA:25,0
DA:26,0
DA:27,0
DA:28,0
DA:29,0
DA:31,0
DA:32,0
DA:33,0
DA:35,0
DA:36,0
DA:37,0
DA:38,0
DA:41,0
DA:42,0
DA:43,0
DA:44,0
DA:45,0
DA:46,0
DA:47,0
DA:48,0
DA:49,0
DA:50,0
DA:52,0
DA:53,0
DA:55,0
DA:56,0
DA:57,0
DA:60,0
DA:61,0
DA:63,0
DA:64,0
DA:66,0
DA:67,0
DA:68,0
DA:69,0
DA:70,0
DA:71,0
DA:72,0
DA:73,0
DA:76,0
DA:77,0
DA:78,0
DA:79,0
DA:80,0
DA:81,0
DA:84,0
DA:85,0
DA:86,0
DA:87,0
DA:88,0
DA:89,0
DA:90,0
DA:91,0
DA:92,0
DA:95,0
DA:96,0
DA:98,0
DA:99,0
DA:101,0
DA:102,0
DA:103,0
DA:104,0
DA:105,0
DA:106,0
DA:107,0
DA:110,0
DA:111,0
DA:112,0
DA:113,0
DA:114,0
DA:115,0
DA:116,0
DA:117,0
DA:119,0
DA:120,0
DA:121,0
DA:122,0
DA:123,0
DA:124,0
DA:126,0
DA:127,0
DA:128,0
DA:130,0
DA:131,0
DA:133,0
DA:134,0
DA:135,0
DA:136,0
DA:137,0
DA:139,0
DA:140,0
DA:141,0
DA:142,0
DA:144,0
DA:145,0
DA:146,0
DA:147,0
DA:148,0
DA:149,0
DA:150,0
DA:151,0
DA:152,0
DA:153,0
DA:154,0
DA:155,0
DA:158,0
DA:159,0
DA:160,0
DA:161,0
DA:163,0
DA:164,0
DA:165,0
DA:166,0
DA:167,0
DA:168,0
DA:169,0
DA:170,0
DA:171,0
DA:172,0
DA:173,0
DA:174,0
DA:175,0
DA:178,0
DA:179,0
DA:180,0
DA:181,0
DA:182,0
DA:183,0
DA:184,0
DA:185,0
DA:186,0
DA:187,0
DA:189,0
LF:153
LH:0
BRDA:1,0,0,0
BRF:1
BRH:0
end_of_record
TN:
SF:src/main.tsx
FN:1,(empty-report)
FNF:1
FNH:0
FNDA:0,(empty-report)
DA:1,0
DA:2,0
DA:3,0
DA:4,0
DA:5,0
DA:6,0
DA:7,0
DA:8,0
DA:9,0
DA:12,0
DA:14,0
DA:16,0
DA:17,0
DA:18,0
DA:19,0
DA:20,0
DA:21,0
DA:22,0
DA:24,0
DA:27,0
DA:28,0
DA:29,0
LF:22
LH:0
BRDA:1,0,0,0
BRF:1
BRH:0
end_of_record
TN:
SF:src/vite-env.d.ts
FN:1,(empty-report)
FNF:1
FNH:1
FNDA:1,(empty-report)
LF:0
LH:0
BRDA:1,0,0,1
BRF:1
BRH:1
end_of_record
TN:
SF:src/components/ActionPanel.tsx
FN:27,ActionIcon
FN:39,ActionPanel
FN:107,onExecute
FN:127,ActionItem
FN:157,onMouseEnter
FN:173,handleExecute
FNF:6
FNH:6
FNDA:33,ActionIcon
FNDA:31,ActionPanel
FNDA:11,onExecute
FNDA:33,ActionItem
FNDA:2,onMouseEnter
FNDA:11,handleExecute
DA:1,1
DA:2,1
DA:3,1
DA:5,1
DA:7,1
DA:10,1
DA:11,1
DA:12,1
DA:13,1
DA:14,1
DA:15,1
DA:16,1
DA:17,1
DA:18,1
DA:19,1
DA:20,1
DA:21,1
DA:22,1
DA:23,1
DA:24,1
DA:25,1
DA:27,33
DA:28,33
DA:29,33
DA:30,31
DA:31,31
DA:32,31
DA:33,41
DA:34,31
DA:35,31
DA:37,31
DA:39,31
DA:40,31
DA:41,31
DA:43,31
DA:44,31
DA:45,31
DA:46,31
DA:47,31
DA:48,31
DA:51,31
DA:52,31
DA:53,31
DA:54,2
DA:55,2
DA:56,31
DA:59,31
DA:60,19
DA:61,19
DA:62,18
DA:63,19
DA:64,31
DA:67,31
DA:68,28
DA:70,7
DA:71,1
DA:72,7
DA:74,7
DA:75,7
DA:76,7
DA:77,7
DA:78,7
DA:79,7
DA:80,31
DA:82,31
DA:84,25
DA:85,25
DA:86,31
DA:87,31
DA:88,33
DA:89,33
DA:90,33
DA:91,33
DA:92,33
DA:93,33
DA:94,16
DA:95,1
DA:98,33
DA:99,33
DA:100,33
DA:101,33
DA:102,33
DA:103,33
DA:104,33
DA:105,33
DA:106,33
DA:107,33
DA:108,11
DA:109,11
DA:110,33
DA:112,31
DA:113,31
DA:115,31
DA:127,33
DA:128,33
DA:129,33
DA:130,33
DA:131,33
DA:132,33
DA:133,33
DA:134,33
DA:135,33
DA:136,33
DA:138,33
DA:139,7
DA:140,26
DA:141,17
DA:142,9
DA:144,33
DA:145,33
DA:146,9
DA:147,24
DA:149,33
DA:150,33
DA:151,33
DA:152,33
DA:153,33
DA:154,33
DA:155,33
DA:156,33
DA:157,33
DA:159,2
DA:160,2
DA:161,33
DA:163,33
DA:164,33
DA:165,33
DA:166,33
DA:167,33
DA:168,33
DA:170,33
DA:173,11
DA:174,11
DA:175,11
DA:176,11
DA:177,11
DA:178,11
DA:179,11
DA:180,9
DA:181,3
DA:182,3
DA:183,9
DA:184,6
DA:185,6
DA:186,11
DA:187,2
DA:188,2
DA:189,2
DA:190,11
LF:149
LH:149
BRDA:27,0,0,33
BRDA:29,1,0,2
BRDA:29,2,0,31
BRDA:32,3,0,41
BRDA:39,4,0,31
BRDA:82,5,0,6
BRDA:82,6,0,25
BRDA:86,7,0,1
BRDA:43,8,0,107
BRDA:44,9,0,107
BRDA:45,10,0,107
BRDA:46,11,0,107
BRDA:47,12,0,107
BRDA:48,13,0,107
BRDA:51,14,0,31
BRDA:52,15,0,6
BRDA:52,16,0,25
BRDA:53,17,0,23
BRDA:53,18,0,2
BRDA:55,19,0,5
BRDA:59,20,0,19
BRDA:61,21,0,1
BRDA:61,22,0,18
BRDA:67,23,0,28
BRDA:68,24,0,21
BRDA:68,25,0,7
BRDA:70,26,0,1
BRDA:74,27,0,7
BRDA:87,28,0,33
BRDA:93,29,0,16
BRDA:94,30,0,1
BRDA:107,31,0,11
BRDA:127,32,0,33
BRDA:136,33,0,7
BRDA:136,34,0,26
BRDA:138,35,0,7
BRDA:139,36,0,26
BRDA:140,37,0,17
BRDA:141,38,0,9
BRDA:145,39,0,16
BRDA:145,40,0,9
BRDA:146,41,0,0
BRDA:146,42,0,0
BRDA:146,43,0,24
BRDA:147,44,0,0
BRDA:151,45,0,1
BRDA:157,46,0,2
BRDA:173,47,0,11
BRDA:179,48,0,9
BRDA:180,49,0,3
BRDA:183,50,0,6
BRDA:186,51,0,2
BRF:52
BRH:49
end_of_record
TN:
SF:src/components/ChatPanel.tsx
FN:39,getToolMeta
FN:53,Message
FN:66,ToolCallCard
FN:84,ModelPickerList
FN:110,handleSelect
FN:136,handleSetAsProjectDefault
FN:179,onMouseEnter
FN:182,onClick
FN:244,SlashCommandIcon
FN:259,SlashMenuList
FN:294,handleSelect
FN:313,onMouseEnter
FN:316,onClick
FN:335,ChatPanel
FN:355,updateChatStatusFromBackend
FN:364,fetchSessionMessagesWithRetry
FN:389,loadModelsAndProjectDefault
FN:515,updateShouldAutoScroll
FN:542,clearBackendSessionWithRetry
FN:573,handleRetryConnection
FN:601,handleNewChat
FN:607,handleSuggestion
FN:635,onClick
FN:699,onClick
FN:727,onClick
FN:735,onClick
FN:743,onClick
FN:751,onClick
FNF:28
FNH:13
FNDA:6,getToolMeta
FNDA:21,Message
FNDA:6,ToolCallCard
FNDA:12,ModelPickerList
FNDA:0,handleSelect
FNDA:0,handleSetAsProjectDefault
FNDA:0,onMouseEnter
FNDA:0,onClick
FNDA:2,SlashCommandIcon
FNDA:4,SlashMenuList
FNDA:0,handleSelect
FNDA:0,onMouseEnter
FNDA:0,onClick
FNDA:67,ChatPanel
FNDA:0,updateChatStatusFromBackend
FNDA:0,fetchSessionMessagesWithRetry
FNDA:24,loadModelsAndProjectDefault
FNDA:20,updateShouldAutoScroll
FNDA:0,clearBackendSessionWithRetry
FNDA:0,handleRetryConnection
FNDA:0,handleNewChat
FNDA:1,handleSuggestion
FNDA:1,onClick
FNDA:1,onClick
FNDA:1,onClick
FNDA:0,onClick
FNDA:0,onClick
FNDA:0,onClick
DA:1,1
DA:2,1
DA:3,1
DA:9,1
DA:19,1
DA:20,1
DA:26,1
DA:27,1
DA:28,1
DA:29,1
DA:30,1
DA:31,1
DA:32,1
DA:33,1
DA:34,1
DA:35,1
DA:36,1
DA:37,1
DA:39,6
DA:41,6
DA:42,0
DA:43,0
DA:44,0
DA:45,0
DA:46,6
DA:47,6
DA:53,21
DA:54,21
DA:55,6
DA:56,6
DA:58,15
DA:59,21
DA:60,9
DA:61,9
DA:63,6
DA:64,6
DA:66,6
DA:67,6
DA:68,6
DA:70,6
DA:71,6
DA:72,6
DA:73,6
DA:74,6
DA:75,6
DA:76,6
DA:78,6
DA:84,12
DA:85,12
DA:86,12
DA:87,12
DA:88,12
DA:89,12
DA:90,12
DA:91,12
DA:92,12
DA:94,12
DA:95,12
DA:96,12
DA:97,12
DA:100,12
DA:101,4
DA:102,4
DA:103,3
DA:104,3
DA:105,3
DA:106,3
DA:107,3
DA:108,12
DA:110,12
DA:111,0
DA:112,0
DA:113,0
DA:114,0
DA:115,0
DA:116,0
DA:117,0
DA:118,0
DA:120,0
DA:121,0
DA:122,0
DA:123,0
DA:124,0
DA:125,0
DA:126,0
DA:127,0
DA:129,0
DA:130,0
DA:131,0
DA:133,0
DA:134,0
DA:136,12
DA:137,0
DA:138,0
DA:139,0
DA:140,0
DA:142,0
DA:143,0
DA:144,0
DA:145,0
DA:147,0
DA:148,0
DA:149,0
DA:150,0
DA:151,0
DA:152,0
DA:153,0
DA:154,0
DA:155,0
DA:157,12
DA:158,3
DA:159,3
DA:160,3
DA:161,3
DA:162,3
DA:163,3
DA:165,3
DA:167,9
DA:168,9
DA:169,9
DA:170,9
DA:171,9
DA:172,5
DA:173,9
DA:174,9
DA:175,9
DA:176,9
DA:177,9
DA:178,9
DA:179,9
DA:180,0
DA:181,0
DA:182,9
DA:183,0
DA:184,0
DA:186,9
DA:187,9
DA:188,9
DA:189,3
DA:191,9
DA:192,9
DA:194,9
DA:196,12
DA:197,0
DA:198,0
DA:199,0
DA:200,0
DA:201,0
DA:202,0
DA:203,0
DA:204,0
DA:205,0
DA:206,0
DA:207,0
DA:208,0
DA:209,0
DA:210,0
DA:211,0
DA:212,0
DA:213,0
DA:214,0
DA:215,0
DA:216,0
DA:217,0
DA:218,0
DA:219,0
DA:220,0
DA:221,0
DA:222,0
DA:223,0
DA:224,0
DA:226,0
DA:227,0
DA:228,0
DA:230,0
DA:232,0
DA:233,0
DA:234,0
DA:236,12
DA:238,12
DA:244,2
DA:245,2
DA:246,2
DA:247,2
DA:248,2
DA:249,2
DA:250,2
DA:251,2
DA:252,2
DA:254,2
DA:255,2
DA:257,2
DA:259,4
DA:260,4
DA:261,4
DA:263,4
DA:265,4
DA:266,4
DA:267,4
DA:269,4
DA:272,4
DA:273,2
DA:274,2
DA:275,1
DA:277,1
DA:278,1
DA:279,1
DA:280,1
DA:281,1
DA:282,4
DA:284,4
DA:285,2
DA:286,2
DA:287,2
DA:288,2
DA:289,2
DA:290,2
DA:292,2
DA:294,2
DA:295,0
DA:296,0
DA:297,0
DA:298,0
DA:299,0
DA:300,0
DA:302,2
DA:303,2
DA:304,2
DA:306,2
DA:307,2
DA:308,2
DA:309,2
DA:310,2
DA:311,2
DA:312,2
DA:313,2
DA:314,0
DA:315,0
DA:316,2
DA:317,0
DA:318,0
DA:320,2
DA:321,2
DA:322,2
DA:323,2
DA:324,2
DA:326,2
DA:327,2
DA:329,2
DA:335,67
DA:336,67
DA:337,67
DA:338,67
DA:339,67
DA:340,67
DA:341,67
DA:342,67
DA:343,67
DA:344,67
DA:345,67
DA:346,67
DA:347,67
DA:348,67
DA:349,67
DA:350,67
DA:351,67
DA:353,67
DA:355,67
DA:356,0
DA:357,0
DA:358,0
DA:359,0
DA:360,0
DA:361,0
DA:362,0
DA:364,67
DA:365,0
DA:366,0
DA:367,0
DA:368,0
DA:369,0
DA:371,0
DA:372,0
DA:373,0
DA:374,0
DA:375,0
DA:376,0
DA:377,0
DA:378,0
DA:379,0
DA:380,0
DA:381,0
DA:382,0
DA:383,0
DA:386,67
DA:387,29
DA:389,24
DA:390,24
DA:391,24
DA:392,24
DA:393,24
DA:394,24
DA:396,24
DA:397,3
DA:398,3
DA:399,3
DA:400,3
DA:401,24
DA:403,24
DA:404,24
DA:406,24
DA:407,24
DA:408,24
DA:411,24
DA:412,22
DA:413,22
DA:414,22
DA:415,2
DA:416,2
DA:417,2
DA:418,2
DA:419,2
DA:420,2
DA:421,22
DA:424,24
DA:425,3
DA:426,3
DA:427,24
DA:429,0
DA:430,24
DA:432,24
DA:433,67
DA:436,67
DA:437,29
DA:438,29
DA:439,29
DA:440,29
DA:442,0
DA:443,0
DA:444,0
DA:445,29
DA:446,29
DA:448,29
DA:450,29
DA:451,0
DA:452,0
DA:454,0
DA:455,0
DA:456,0
DA:457,0
DA:459,0
DA:460,0
DA:461,0
DA:462,0
DA:464,0
DA:465,0
DA:466,0
DA:468,0
DA:469,0
DA:470,0
DA:471,0
DA:472,0
DA:473,0
DA:474,0
DA:475,0
DA:476,0
DA:477,0
DA:479,0
DA:480,0
DA:481,0
DA:482,67
DA:485,67
DA:486,29
DA:487,5
DA:488,5
DA:489,67
DA:492,67
DA:493,34
DA:494,34
DA:495,67
DA:497,67
DA:498,67
DA:499,34
DA:500,34
DA:501,34
DA:502,0
DA:503,0
DA:504,0
DA:505,0
DA:506,0
DA:507,34
DA:508,67
DA:511,67
DA:512,29
DA:513,29
DA:515,20
DA:516,20
DA:517,20
DA:518,20
DA:520,20
DA:521,20
DA:523,20
DA:524,20
DA:525,20
DA:526,67
DA:529,67
DA:530,35
DA:531,35
DA:532,23
DA:533,67
DA:535,67
DA:536,67
DA:537,67
DA:538,67
DA:539,15
DA:540,52
DA:542,67
DA:543,0
DA:544,0
DA:545,0
DA:546,0
DA:547,0
DA:548,0
DA:549,0
DA:550,0
DA:551,0
DA:552,0
DA:553,0
DA:555,0
DA:556,0
DA:557,0
DA:558,0
DA:559,0
DA:561,0
DA:562,0
DA:563,0
DA:564,0
DA:565,0
DA:566,0
DA:567,0
DA:568,0
DA:569,0
DA:570,0
DA:571,0
DA:573,67
DA:574,0
DA:576,0
DA:577,0
DA:578,0
DA:579,0
DA:580,0
DA:581,0
DA:582,0
DA:584,0
DA:585,0
DA:586,0
DA:587,0
DA:588,0
DA:589,0
DA:590,0
DA:591,0
DA:592,0
DA:593,0
DA:594,0
DA:595,0
DA:596,0
DA:597,0
DA:598,0
DA:599,0
DA:601,67
DA:602,0
DA:603,0
DA:604,0
DA:605,0
DA:607,67
DA:608,1
DA:609,1
DA:610,1
DA:611,1
DA:612,0
DA:613,0
DA:614,1
DA:615,1
DA:616,1
DA:619,67
DA:620,3
DA:621,3
DA:624,67
DA:625,6
DA:626,6
DA:627,6
DA:628,6
DA:629,6
DA:630,6
DA:632,6
DA:633,6
DA:634,6
DA:635,6
DA:636,1
DA:637,1
DA:638,6
DA:640,6
DA:641,6
DA:642,6
DA:644,6
DA:646,58
DA:647,58
DA:649,58
DA:650,58
DA:652,58
DA:653,67
DA:654,67
DA:655,67
DA:656,67
DA:657,67
DA:658,23
DA:659,23
DA:660,23
DA:661,23
DA:662,23
DA:664,23
DA:665,23
DA:666,23
DA:667,23
DA:669,67
DA:670,67
DA:671,67
DA:673,67
DA:674,8
DA:675,8
DA:676,8
DA:677,8
DA:678,6
DA:679,2
DA:680,2
DA:681,0
DA:684,8
DA:685,8
DA:686,8
DA:687,8
DA:688,6
DA:689,6
DA:690,6
DA:691,6
DA:693,6
DA:694,6
DA:696,8
DA:697,2
DA:698,2
DA:699,2
DA:700,1
DA:701,1
DA:702,2
DA:704,2
DA:706,8
DA:707,8
DA:711,67
DA:712,10
DA:713,48
DA:714,4
DA:716,44
DA:717,44
DA:718,21
DA:719,21
DA:720,21
DA:721,21
DA:723,21
DA:724,21
DA:725,21
DA:726,21
DA:727,21
DA:728,1
DA:729,1
DA:730,21
DA:732,21
DA:733,21
DA:734,21
DA:735,21
DA:736,0
DA:737,0
DA:738,21
DA:740,21
DA:741,21
DA:742,21
DA:743,21
DA:744,0
DA:745,0
DA:746,21
DA:748,21
DA:749,21
DA:750,21
DA:751,21
DA:752,0
DA:753,0
DA:754,21
DA:756,21
DA:757,21
DA:758,21
DA:761,44
DA:762,21
DA:763,44
DA:765,44
DA:766,6
DA:767,6
DA:768,0
DA:769,6
DA:770,6
DA:771,6
DA:772,6
DA:773,6
DA:776,44
DA:777,2
DA:780,44
DA:781,7
DA:782,7
DA:783,7
DA:784,7
DA:785,7
DA:787,44
DA:789,67
DA:791,67
LF:621
LH:405
BRDA:39,0,0,6
BRDA:41,1,0,0
BRDA:46,2,0,2
BRDA:53,3,0,21
BRDA:54,4,0,6
BRDA:56,5,0,15
BRDA:59,6,0,9
BRDA:61,7,0,6
BRDA:66,8,0,6
BRDA:71,9,0,0
BRDA:75,10,0,0
BRDA:84,11,0,12
BRDA:97,12,0,3
BRDA:157,13,0,3
BRDA:165,14,0,9
BRDA:196,15,0,0
BRDA:196,16,0,0
BRDA:85,17,0,53
BRDA:86,18,0,53
BRDA:87,19,0,53
BRDA:88,20,0,53
BRDA:89,21,0,53
BRDA:90,22,0,53
BRDA:91,23,0,53
BRDA:92,24,0,53
BRDA:100,25,0,4
BRDA:102,26,0,1
BRDA:102,27,0,3
BRDA:169,28,0,9
BRDA:171,29,0,5
BRDA:171,30,0,5
BRDA:176,31,0,0
BRDA:188,32,0,3
BRDA:191,33,0,5
BRDA:244,34,0,2
BRDA:259,35,0,4
BRDA:263,36,0,0
BRDA:284,37,0,2
BRDA:260,38,0,12
BRDA:261,39,0,18
BRDA:266,40,0,4
BRDA:266,41,0,2
BRDA:272,42,0,2
BRDA:274,43,0,1
BRDA:304,44,0,2
BRDA:310,45,0,0
BRDA:335,46,0,67
BRDA:535,47,0,58
BRDA:536,48,0,58
BRDA:536,49,0,52
BRDA:537,50,0,2
BRDA:537,51,0,0
BRDA:538,52,0,15
BRDA:539,53,0,0
BRDA:539,54,0,52
BRDA:540,55,0,2
BRDA:619,56,0,3
BRDA:621,57,0,64
BRDA:624,58,0,6
BRDA:644,59,0,58
BRDA:653,60,0,6
BRDA:653,61,0,52
BRDA:657,62,0,23
BRDA:669,63,0,52
BRDA:673,64,0,8
BRDA:677,65,0,2
BRDA:677,66,0,6
BRDA:678,67,0,2
BRDA:680,68,0,0
BRDA:687,69,0,6
BRDA:693,70,0,0
BRDA:696,71,0,2
BRDA:711,72,0,10
BRDA:712,73,0,48
BRDA:713,74,0,4
BRDA:714,75,0,44
BRDA:717,76,0,21
BRDA:765,77,0,38
BRDA:765,78,0,6
BRDA:776,79,0,15
BRDA:776,80,0,2
BRDA:780,81,0,15
BRDA:780,82,0,13
BRDA:780,83,0,7
BRDA:336,84,0,285
BRDA:337,85,0,285
BRDA:338,86,0,285
BRDA:339,87,0,285
BRDA:340,88,0,285
BRDA:341,89,0,285
BRDA:342,90,0,285
BRDA:343,91,0,285
BRDA:344,92,0,285
BRDA:345,93,0,285
BRDA:386,94,0,29
BRDA:387,95,0,5
BRDA:387,96,0,24
BRDA:389,97,0,24
BRDA:403,98,0,0
BRDA:404,99,0,0
BRDA:411,100,0,22
BRDA:414,101,0,2
BRDA:424,102,0,3
BRDA:427,103,0,0
BRDA:396,104,0,3
BRDA:436,105,0,29
BRDA:437,106,0,24
BRDA:440,107,0,0
BRDA:445,108,0,0
BRDA:450,109,0,0
BRDA:485,110,0,29
BRDA:486,111,0,24
BRDA:486,112,0,5
BRDA:492,113,0,34
BRDA:493,114,0,3
BRDA:494,115,0,34
BRDA:498,116,0,34
BRDA:501,117,0,0
BRDA:499,118,0,3
BRDA:511,119,0,29
BRDA:513,120,0,9
BRDA:513,121,0,20
BRDA:515,122,0,20
BRDA:523,123,0,20
BRDA:529,124,0,35
BRDA:531,125,0,23
BRDA:531,126,0,12
BRDA:531,127,0,23
BRDA:607,128,0,1
BRDA:609,129,0,1
BRDA:611,130,0,0
BRDA:611,131,0,0
BRDA:635,132,0,1
BRDA:699,133,0,1
BRDA:727,134,0,1
BRDA:761,135,0,21
BRDA:770,136,0,6
BRF:137
BRH:116
end_of_record
TN:
SF:src/components/HintBar.tsx
FN:66,useHints
FN:93,HintBar
FNF:2
FNH:2
FNDA:11,useHints
FNDA:11,HintBar
DA:1,1
DA:2,1
DA:3,1
DA:4,1
DA:13,1
DA:14,1
DA:15,1
DA:16,1
DA:17,1
DA:18,1
DA:19,1
DA:20,1
DA:22,1
DA:23,1
DA:24,1
DA:25,1
DA:26,1
DA:28,1
DA:29,1
DA:30,1
DA:31,1
DA:33,1
DA:34,1
DA:35,1
DA:36,1
DA:37,1
DA:38,1
DA:39,1
DA:40,1
DA:42,1
DA:43,1
DA:44,1
DA:45,1
DA:46,1
DA:47,1
DA:49,1
DA:50,1
DA:51,1
DA:52,1
DA:53,1
DA:55,1
DA:56,1
DA:57,1
DA:58,1
DA:60,1
DA:61,1
DA:62,1
DA:63,1
DA:64,1
DA:66,11
DA:67,11
DA:68,11
DA:69,11
DA:70,11
DA:71,11
DA:72,11
DA:73,11
DA:75,11
DA:76,2
DA:77,1
DA:78,1
DA:79,1
DA:80,1
DA:81,1
DA:82,0
DA:83,0
DA:84,11
DA:85,1
DA:86,1
DA:87,11
DA:88,2
DA:89,2
DA:90,11
DA:91,11
DA:93,11
DA:94,11
DA:96,11
DA:97,11
DA:98,11
DA:99,11
DA:100,49
DA:101,49
DA:102,49
DA:103,49
DA:104,11
DA:105,11
DA:106,11
DA:108,11
LF:88
LH:86
BRDA:66,0,0,11
BRDA:75,1,0,2
BRDA:76,2,0,1
BRDA:81,3,0,0
BRDA:83,4,0,9
BRDA:84,5,0,1
BRDA:86,6,0,8
BRDA:87,7,0,2
BRDA:88,8,0,1
BRDA:88,9,0,1
BRDA:89,10,0,6
BRDA:90,11,0,4
BRDA:90,12,0,2
BRDA:67,13,0,33
BRDA:68,14,0,33
BRDA:69,15,0,33
BRDA:70,16,0,33
BRDA:71,17,0,33
BRDA:72,18,0,33
BRDA:73,19,0,33
BRDA:93,20,0,11
BRDA:99,21,0,49
BRDA:101,22,0,14
BRDA:101,23,0,35
BRF:24
BRH:23
end_of_record
TN:
SF:src/components/Kbd.tsx
FN:29,formatKeys
FN:55,Kbd
FNF:2
FNH:2
FNDA:65,formatKeys
FNDA:65,Kbd
DA:1,1
DA:2,1
DA:4,1
DA:5,1
DA:6,1
DA:7,1
DA:8,1
DA:9,1
DA:11,1
DA:12,1
DA:13,1
DA:14,1
DA:15,1
DA:16,1
DA:18,1
DA:19,1
DA:20,1
DA:21,1
DA:22,1
DA:23,1
DA:24,1
DA:25,1
DA:26,1
DA:29,65
DA:30,65
DA:31,65
DA:32,65
DA:34,65
DA:35,82
DA:36,82
DA:37,82
DA:38,82
DA:39,17
DA:40,82
DA:41,58
DA:42,65
DA:43,7
DA:44,7
DA:45,82
DA:47,65
DA:48,65
DA:55,65
DA:56,65
DA:57,65
DA:58,65
DA:60,65
DA:61,65
LF:47
LH:47
BRDA:29,0,0,65
BRDA:30,1,0,5
BRDA:30,2,0,60
BRDA:34,3,0,82
BRDA:38,4,0,17
BRDA:40,5,0,65
BRDA:40,6,0,58
BRDA:42,7,0,7
BRDA:55,8,0,65
BRDA:58,9,0,5
BRDA:58,10,0,60
BRF:11
BRH:11
end_of_record
TN:
SF:src/components/KindIcon.tsx
FN:1,(empty-report)
FNF:1
FNH:0
FNDA:0,(empty-report)
DA:1,0
DA:2,0
DA:10,0
DA:11,0
DA:12,0
DA:14,0
DA:15,0
DA:16,0
DA:17,0
DA:18,0
DA:19,0
DA:20,0
DA:21,0
DA:22,0
DA:23,0
DA:24,0
DA:32,0
DA:33,0
DA:35,0
DA:36,0
DA:37,0
DA:39,0
DA:41,0
DA:42,0
DA:43,0
DA:44,0
DA:45,0
DA:46,0
DA:47,0
DA:48,0
DA:50,0
DA:51,0
DA:52,0
DA:54,0
LF:34
LH:0
BRDA:1,0,0,0
BRF:1
BRH:0
end_of_record
TN:
SF:src/components/ResultMeta.tsx
FN:1,(empty-report)
FNF:1
FNH:1
FNDA:1,(empty-report)
DA:9,0
DA:12,0
DA:13,0
DA:14,0
DA:20,0
DA:21,0
DA:22,0
DA:23,0
DA:24,0
DA:25,0
DA:27,0
LF:11
LH:0
BRDA:1,0,0,1
BRF:1
BRH:1
end_of_record
TN:
SF:src/components/ResultsList.tsx
FN:18,executeAction
FN:109,executeActionFromPanel
FN:144,executeActionAfterHide
FN:172,executeDefaultAction
FN:204,ResultsList
FN:285,onMouseEnter
FN:288,onClick
FNF:7
FNH:5
FNDA:12,executeAction
FNDA:0,executeActionFromPanel
FNDA:0,executeActionAfterHide
FNDA:7,executeDefaultAction
FNDA:12,ResultsList
FNDA:2,onMouseEnter
FNDA:3,onClick
DA:1,1
DA:2,1
DA:3,1
DA:12,1
DA:13,1
DA:15,1
DA:18,1
DA:19,12
DA:20,12
DA:21,3
DA:22,3
DA:23,3
DA:24,0
DA:25,3
DA:26,3
DA:27,12
DA:28,1
DA:29,1
DA:30,1
DA:31,1
DA:32,1
DA:33,1
DA:34,1
DA:35,0
DA:36,1
DA:37,1
DA:38,12
DA:39,1
DA:40,1
DA:41,1
DA:42,1
DA:43,1
DA:44,1
DA:45,1
DA:46,12
DA:47,2
DA:48,2
DA:49,2
DA:50,0
DA:51,2
DA:52,2
DA:53,12
DA:54,1
DA:55,1
DA:56,1
DA:57,1
DA:58,0
DA:59,1
DA:60,1
DA:61,12
DA:62,1
DA:63,1
DA:64,1
DA:65,1
DA:66,0
DA:67,1
DA:68,1
DA:69,12
DA:70,1
DA:71,1
DA:72,1
DA:73,0
DA:74,1
DA:75,1
DA:76,12
DA:77,1
DA:78,1
DA:79,1
DA:80,0
DA:81,1
DA:82,1
DA:83,12
DA:84,0
DA:85,0
DA:86,0
DA:88,0
DA:89,0
DA:90,0
DA:91,0
DA:92,0
DA:93,0
DA:94,0
DA:95,12
DA:98,1
DA:99,12
DA:100,12
DA:109,1
DA:111,0
DA:112,0
DA:113,0
DA:116,0
DA:117,0
DA:118,0
DA:119,0
DA:122,0
DA:123,0
DA:124,0
DA:125,0
DA:128,0
DA:129,0
DA:130,0
DA:131,0
DA:134,0
DA:135,0
DA:136,0
DA:137,0
DA:138,0
DA:139,0
DA:140,0
DA:141,0
DA:144,0
DA:145,0
DA:146,0
DA:147,0
DA:148,0
DA:149,0
DA:150,0
DA:151,0
DA:152,0
DA:153,0
DA:154,0
DA:155,0
DA:156,0
DA:157,0
DA:158,0
DA:159,0
DA:160,0
DA:161,0
DA:162,0
DA:163,0
DA:164,0
DA:165,0
DA:166,0
DA:167,0
DA:168,0
DA:169,0
DA:172,1
DA:173,7
DA:174,7
DA:179,7
DA:180,2
DA:181,2
DA:182,2
DA:183,2
DA:184,0
DA:185,2
DA:186,2
DA:187,2
DA:190,4
DA:191,1
DA:192,1
DA:193,1
DA:194,1
DA:195,1
DA:196,1
DA:197,1
DA:198,1
DA:199,1
DA:201,3
DA:202,3
DA:204,12
DA:205,12
DA:206,12
DA:207,12
DA:208,12
DA:209,12
DA:210,12
DA:211,12
DA:214,12
DA:215,12
DA:216,12
DA:217,12
DA:219,3
DA:220,0
DA:221,0
DA:222,3
DA:223,3
DA:225,9
DA:227,9
DA:228,9
DA:229,9
DA:234,9
DA:235,9
DA:236,9
DA:237,9
DA:238,9
DA:240,12
DA:241,12
DA:242,12
DA:243,12
DA:245,12
DA:246,12
DA:249,12
DA:250,12
DA:251,12
DA:252,9
DA:253,9
DA:254,12
DA:255,12
DA:257,12
DA:258,1
DA:259,1
DA:261,12
DA:262,2
DA:263,2
DA:264,2
DA:265,2
DA:266,2
DA:268,2
DA:269,2
DA:270,2
DA:272,2
DA:274,9
DA:275,9
DA:276,9
DA:277,9
DA:278,13
DA:279,13
DA:280,13
DA:281,13
DA:282,13
DA:283,13
DA:284,13
DA:285,13
DA:286,2
DA:287,2
DA:288,13
DA:289,3
DA:290,3
DA:292,13
DA:293,13
DA:295,9
DA:296,9
DA:298,9
LF:234
LH:165
BRDA:18,0,0,12
BRDA:20,1,0,3
BRDA:27,2,0,1
BRDA:38,3,0,1
BRDA:46,4,0,2
BRDA:53,5,0,1
BRDA:61,6,0,1
BRDA:69,7,0,1
BRDA:76,8,0,1
BRDA:83,9,0,0
BRDA:95,10,0,1
BRDA:22,11,0,3
BRDA:30,12,0,1
BRDA:48,13,0,2
BRDA:56,14,0,1
BRDA:64,15,0,1
BRDA:71,16,0,1
BRDA:78,17,0,1
BRDA:172,18,0,7
BRDA:174,19,0,1
BRDA:174,20,0,6
BRDA:179,21,0,3
BRDA:179,22,0,2
BRDA:187,23,0,4
BRDA:190,24,0,1
BRDA:199,25,0,3
BRDA:182,26,0,2
BRDA:204,27,0,12
BRDA:257,28,0,3
BRDA:257,29,0,1
BRDA:259,30,0,11
BRDA:261,31,0,2
BRDA:261,32,0,2
BRDA:272,33,0,9
BRDA:207,34,0,38
BRDA:208,35,0,38
BRDA:209,36,0,38
BRDA:210,37,0,38
BRDA:214,38,0,12
BRDA:217,39,0,9
BRDA:217,40,0,9
BRDA:217,41,0,3
BRDA:219,42,0,0
BRDA:223,43,0,9
BRDA:229,44,0,0
BRDA:229,45,0,9
BRDA:240,46,0,9
BRDA:241,47,0,9
BRDA:241,48,0,0
BRDA:241,49,0,0
BRDA:249,50,0,12
BRDA:251,51,0,3
BRDA:251,52,0,9
BRDA:277,53,0,13
BRDA:282,54,0,9
BRDA:282,55,0,4
BRDA:285,56,0,2
BRDA:288,57,0,3
BRF:58
BRH:53
end_of_record
TN:
SF:src/components/SearchBar.tsx
FN:17,ChipKindIcon
FN:34,SearchBar
FN:76,handleKeyDown
FN:146,applySessionSelection
FN:316,handleInputChange
FNF:5
FNH:4
FNDA:3,ChipKindIcon
FNDA:33,SearchBar
FNDA:15,handleKeyDown
FNDA:2,applySessionSelection
FNDA:0,handleInputChange
DA:1,1
DA:2,1
DA:3,1
DA:4,1
DA:5,1
DA:6,1
DA:9,1
DA:10,1
DA:11,1
DA:12,1
DA:13,1
DA:14,1
DA:15,1
DA:17,3
DA:18,3
DA:19,3
DA:20,3
DA:21,3
DA:22,3
DA:23,3
DA:25,3
DA:34,33
DA:35,33
DA:36,33
DA:37,33
DA:38,33
DA:39,33
DA:40,33
DA:41,33
DA:42,33
DA:43,33
DA:44,33
DA:45,33
DA:46,33
DA:47,33
DA:48,33
DA:49,33
DA:50,33
DA:51,33
DA:52,33
DA:53,33
DA:54,33
DA:55,33
DA:57,33
DA:60,33
DA:61,26
DA:62,33
DA:65,33
DA:66,31
DA:67,33
DA:70,33
DA:71,27
DA:72,25
DA:73,25
DA:74,33
DA:76,33
DA:78,15
DA:79,6
DA:80,6
DA:81,6
DA:82,6
DA:83,6
DA:84,6
DA:86,6
DA:87,1
DA:88,1
DA:90,1
DA:91,0
DA:92,0
DA:93,0
DA:94,0
DA:95,1
DA:96,1
DA:97,1
DA:98,1
DA:99,1
DA:100,1
DA:101,0
DA:102,0
DA:103,0
DA:105,0
DA:106,0
DA:107,0
DA:108,0
DA:109,0
DA:110,0
DA:111,0
DA:112,0
DA:113,0
DA:114,0
DA:115,0
DA:116,0
DA:117,0
DA:118,0
DA:119,0
DA:120,0
DA:122,6
DA:123,1
DA:124,1
DA:125,1
DA:126,1
DA:127,1
DA:128,6
DA:129,0
DA:130,0
DA:131,0
DA:132,0
DA:133,0
DA:134,6
DA:135,1
DA:136,1
DA:137,1
DA:138,1
DA:139,1
DA:140,1
DA:141,6
DA:142,2
DA:143,2
DA:144,2
DA:145,2
DA:146,2
DA:147,2
DA:148,2
DA:149,2
DA:150,2
DA:151,2
DA:152,2
DA:153,2
DA:155,2
DA:156,1
DA:157,1
DA:158,1
DA:159,1
DA:160,1
DA:161,1
DA:162,1
DA:164,1
DA:165,1
DA:166,1
DA:167,1
DA:168,2
DA:169,2
DA:170,2
DA:171,1
DA:172,1
DA:173,0
DA:174,6
DA:175,1
DA:176,1
DA:177,1
DA:178,1
DA:179,1
DA:181,0
DA:182,0
DA:183,0
DA:184,0
DA:185,0
DA:187,6
DA:188,0
DA:189,0
DA:190,0
DA:191,0
DA:192,0
DA:193,0
DA:194,0
DA:195,0
DA:197,15
DA:198,2
DA:199,2
DA:200,2
DA:201,2
DA:203,2
DA:204,0
DA:205,0
DA:206,0
DA:207,0
DA:208,0
DA:209,0
DA:210,2
DA:211,0
DA:212,0
DA:213,0
DA:214,0
DA:215,0
DA:216,2
DA:217,1
DA:218,1
DA:219,1
DA:220,1
DA:221,1
DA:222,1
DA:223,1
DA:224,1
DA:226,1
DA:227,1
DA:228,1
DA:229,1
DA:230,1
DA:231,1
DA:232,1
DA:234,0
DA:235,0
DA:236,0
DA:237,1
DA:238,1
DA:239,1
DA:240,1
DA:241,1
DA:242,1
DA:243,1
DA:244,1
DA:245,2
DA:247,15
DA:248,0
DA:249,0
DA:250,0
DA:251,0
DA:253,15
DA:254,1
DA:255,1
DA:256,1
DA:257,1
DA:258,15
DA:259,1
DA:260,1
DA:261,15
DA:262,1
DA:263,1
DA:264,5
DA:265,1
DA:266,1
DA:267,4
DA:268,1
DA:269,1
DA:270,1
DA:271,15
DA:274,33
DA:275,18
DA:276,18
DA:277,18
DA:278,18
DA:279,18
DA:280,18
DA:282,18
DA:283,18
DA:285,15
DA:286,15
DA:287,15
DA:288,15
DA:289,15
DA:290,15
DA:292,15
DA:293,15
DA:294,15
DA:295,15
DA:296,15
DA:297,15
DA:301,33
DA:302,33
DA:303,33
DA:304,33
DA:306,33
DA:307,8
DA:308,25
DA:309,3
DA:310,22
DA:311,10
DA:312,12
DA:315,33
DA:316,33
DA:317,0
DA:318,0
DA:319,0
DA:320,0
DA:321,0
DA:322,0
DA:323,0
DA:324,0
DA:325,0
DA:326,0
DA:327,0
DA:328,0
DA:329,0
DA:330,0
DA:331,0
DA:332,0
DA:333,0
DA:334,0
DA:336,33
DA:337,33
DA:338,33
DA:340,33
DA:341,8
DA:342,8
DA:343,8
DA:346,33
DA:347,3
DA:348,3
DA:349,3
DA:352,33
DA:353,3
DA:354,3
DA:355,3
DA:356,3
DA:359,33
DA:360,3
DA:361,3
DA:362,3
DA:363,1
DA:365,3
DA:368,33
DA:369,33
DA:370,33
DA:371,33
DA:372,33
DA:373,33
DA:374,33
DA:375,33
DA:376,33
DA:377,33
DA:378,33
DA:379,33
DA:380,33
DA:382,33
DA:383,32
DA:384,31
DA:385,28
DA:386,33
DA:387,33
DA:389,33
LF:330
LH:252
BRDA:17,0,0,3
BRDA:19,1,0,0
BRDA:34,2,0,33
BRDA:274,3,0,18
BRDA:283,4,0,15
BRDA:302,5,0,30
BRDA:303,6,0,30
BRDA:303,7,0,22
BRDA:304,8,0,30
BRDA:304,9,0,22
BRDA:306,10,0,8
BRDA:307,11,0,25
BRDA:308,12,0,3
BRDA:309,13,0,22
BRDA:310,14,0,10
BRDA:311,15,0,12
BRDA:315,16,0,8
BRDA:315,17,0,25
BRDA:315,18,0,3
BRDA:315,19,0,22
BRDA:337,20,0,18
BRDA:337,21,0,15
BRDA:338,22,0,19
BRDA:340,23,0,8
BRDA:342,24,0,0
BRDA:346,25,0,3
BRDA:352,26,0,3
BRDA:352,27,0,3
BRDA:359,28,0,3
BRDA:359,29,0,3
BRDA:362,30,0,1
BRDA:370,31,0,3
BRDA:370,32,0,30
BRDA:382,33,0,32
BRDA:383,34,0,18
BRDA:383,35,0,31
BRDA:384,36,0,28
BRDA:385,37,0,20
BRDA:386,38,0,18
BRDA:41,39,0,101
BRDA:42,40,0,101
BRDA:43,41,0,101
BRDA:44,42,0,101
BRDA:45,43,0,101
BRDA:46,44,0,101
BRDA:47,45,0,101
BRDA:48,46,0,137
BRDA:49,47,0,137
BRDA:50,48,0,137
BRDA:51,49,0,137
BRDA:52,50,0,137
BRDA:53,51,0,137
BRDA:54,52,0,137
BRDA:55,53,0,137
BRDA:60,54,0,26
BRDA:65,55,0,31
BRDA:70,56,0,27
BRDA:71,57,0,25
BRDA:76,58,0,15
BRDA:78,59,0,6
BRDA:86,60,0,1
BRDA:90,61,0,0
BRDA:100,62,0,0
BRDA:120,63,0,5
BRDA:122,64,0,1
BRDA:127,65,0,4
BRDA:128,66,0,0
BRDA:133,67,0,4
BRDA:134,68,0,3
BRDA:134,69,0,1
BRDA:135,70,0,0
BRDA:140,71,0,3
BRDA:141,72,0,2
BRDA:155,73,0,1
BRDA:170,74,0,1
BRDA:172,75,0,0
BRDA:174,76,0,1
BRDA:179,77,0,0
BRDA:185,78,0,0
BRDA:187,79,0,0
BRDA:187,80,0,0
BRDA:187,81,0,0
BRDA:187,82,0,0
BRDA:187,83,0,0
BRDA:195,84,0,9
BRDA:197,85,0,2
BRDA:198,86,0,0
BRDA:203,87,0,0
BRDA:210,88,0,0
BRDA:216,89,0,1
BRDA:232,90,0,0
BRDA:245,91,0,7
BRDA:247,92,0,0
BRDA:247,93,0,0
BRDA:247,94,0,0
BRDA:251,95,0,7
BRDA:253,96,0,4
BRDA:253,97,0,1
BRDA:253,98,0,1
BRDA:257,99,0,6
BRDA:258,100,0,3
BRDA:258,101,0,1
BRDA:258,102,0,1
BRDA:261,103,0,5
BRDA:261,104,0,2
BRDA:261,105,0,2
BRDA:261,106,0,1
BRDA:264,107,0,4
BRDA:264,108,0,1
BRDA:264,109,0,1
BRDA:267,110,0,3
BRDA:267,111,0,2
BRDA:267,112,0,1
BRDA:267,113,0,1
BRDA:146,114,0,2
BRDA:157,115,0,1
BRDA:200,116,0,2
BRDA:200,117,0,0
BRF:118
BRH:96
end_of_record
TN:
SF:src/components/Settings.tsx
FN:69,Settings
FN:93,onClick
FNF:2
FNH:2
FNDA:20,Settings
FNDA:5,onClick
DA:1,1
DA:2,1
DA:3,1
DA:4,1
DA:5,1
DA:6,1
DA:7,1
DA:8,1
DA:18,1
DA:19,1
DA:20,1
DA:21,1
DA:22,1
DA:23,1
DA:24,1
DA:25,1
DA:26,1
DA:27,1
DA:28,1
DA:29,1
DA:31,1
DA:32,1
DA:33,1
DA:34,1
DA:35,1
DA:36,1
DA:37,1
DA:38,1
DA:39,1
DA:40,1
DA:41,1
DA:42,1
DA:44,1
DA:45,1
DA:46,1
DA:47,1
DA:48,1
DA:49,1
DA:50,1
DA:51,1
DA:52,1
DA:53,1
DA:54,1
DA:55,1
DA:57,1
DA:58,1
DA:59,1
DA:60,1
DA:61,1
DA:62,1
DA:63,1
DA:64,1
DA:66,1
DA:67,1
DA:69,20
DA:70,20
DA:71,20
DA:75,20
DA:76,14
DA:77,8
DA:78,8
DA:79,20
DA:81,20
DA:82,6
DA:83,6
DA:85,14
DA:86,14
DA:87,14
DA:88,14
DA:89,14
DA:90,56
DA:91,56
DA:92,56
DA:93,56
DA:94,5
DA:95,5
DA:97,56
DA:98,56
DA:99,56
DA:100,14
DA:101,14
DA:102,14
DA:103,14
DA:104,14
DA:105,10
DA:107,20
DA:108,1
DA:110,20
DA:111,2
DA:113,20
DA:114,20
DA:115,20
DA:117,20
LF:93
LH:93
BRDA:69,0,0,20
BRDA:81,1,0,17
BRDA:81,2,0,6
BRDA:83,3,0,14
BRDA:104,4,0,10
BRDA:107,5,0,1
BRDA:110,6,0,2
BRDA:113,7,0,1
BRDA:75,8,0,14
BRDA:76,9,0,11
BRDA:76,10,0,8
BRDA:89,11,0,56
BRDA:92,12,0,14
BRDA:92,13,0,42
BRDA:93,14,0,5
BRF:15
BRH:15
end_of_record
TN:
SF:src/components/settings/AgentSettings.tsx
FN:25,AgentSettings
FN:74,init
FN:97,reconnectAndRefresh
FN:103,handleSaveRepoPath
FN:129,handleBrowseRepo
FN:147,handleRepoPathKeyDown
FN:154,handleRestart
FN:169,handleModelChange
FN:176,handleResetDefaults
FN:225,onChange
FN:235,onClick
FN:240,onClick
FN:258,onClick
FNF:13
FNH:10
FNDA:24,AgentSettings
FNDA:7,init
FNDA:3,reconnectAndRefresh
FNDA:3,handleSaveRepoPath
FNDA:0,handleBrowseRepo
FNDA:1,handleRepoPathKeyDown
FNDA:1,handleRestart
FNDA:1,handleModelChange
FNDA:0,handleResetDefaults
FNDA:2,onChange
FNDA:0,onClick
FNDA:2,onClick
FNDA:1,onClick
DA:1,1
DA:2,1
DA:11,1
DA:12,1
DA:25,24
DA:26,24
DA:27,24
DA:28,24
DA:29,24
DA:30,24
DA:31,24
DA:32,24
DA:33,24
DA:34,24
DA:35,24
DA:36,24
DA:37,24
DA:39,24
DA:40,16
DA:41,16
DA:42,16
DA:44,16
DA:45,24
DA:47,24
DA:48,9
DA:49,9
DA:50,9
DA:51,9
DA:52,9
DA:53,0
DA:54,0
DA:56,9
DA:57,9
DA:58,9
DA:59,9
DA:60,9
DA:61,9
DA:62,0
DA:63,0
DA:64,9
DA:65,9
DA:66,0
DA:67,0
DA:68,9
DA:69,24
DA:71,24
DA:72,7
DA:74,7
DA:75,7
DA:76,7
DA:77,7
DA:78,7
DA:79,7
DA:80,7
DA:82,7
DA:83,7
DA:84,7
DA:85,7
DA:86,7
DA:87,7
DA:88,7
DA:90,7
DA:91,24
DA:93,24
DA:94,7
DA:95,24
DA:97,24
DA:98,3
DA:99,2
DA:100,2
DA:101,3
DA:103,24
DA:104,3
DA:105,3
DA:106,1
DA:107,1
DA:108,1
DA:110,2
DA:111,2
DA:113,2
DA:114,2
DA:115,2
DA:116,2
DA:118,2
DA:119,2
DA:120,2
DA:121,3
DA:122,0
DA:123,0
DA:124,3
DA:125,2
DA:126,2
DA:127,3
DA:129,24
DA:130,0
DA:131,0
DA:132,0
DA:133,0
DA:134,0
DA:135,0
DA:136,0
DA:138,0
DA:139,0
DA:140,0
DA:141,0
DA:142,0
DA:144,0
DA:145,0
DA:147,24
DA:148,1
DA:149,1
DA:150,1
DA:151,1
DA:152,1
DA:154,24
DA:155,1
DA:157,1
DA:158,1
DA:159,1
DA:160,1
DA:161,1
DA:162,1
DA:163,1
DA:164,1
DA:165,1
DA:166,1
DA:167,1
DA:169,24
DA:170,1
DA:171,1
DA:172,1
DA:173,1
DA:174,1
DA:176,24
DA:177,0
DA:178,0
DA:179,0
DA:181,24
DA:182,24
DA:183,24
DA:184,24
DA:185,24
DA:186,23
DA:187,0
DA:188,23
DA:189,1
DA:190,0
DA:191,1
DA:193,24
DA:194,24
DA:195,24
DA:198,24
DA:199,24
DA:200,24
DA:201,24
DA:202,24
DA:203,24
DA:204,24
DA:205,24
DA:206,24
DA:207,0
DA:208,24
DA:209,2
DA:210,22
DA:211,6
DA:213,16
DA:215,24
DA:217,24
DA:218,24
DA:219,24
DA:220,24
DA:221,24
DA:222,24
DA:223,24
DA:224,24
DA:225,24
DA:226,2
DA:227,2
DA:228,0
DA:229,0
DA:230,2
DA:231,24
DA:232,24
DA:233,24
DA:234,24
DA:235,24
DA:237,24
DA:238,24
DA:239,24
DA:240,24
DA:241,2
DA:242,2
DA:243,24
DA:244,24
DA:246,24
DA:247,24
DA:248,24
DA:250,24
DA:251,24
DA:252,24
DA:253,24
DA:254,24
DA:255,24
DA:256,24
DA:257,24
DA:258,24
DA:259,1
DA:260,1
DA:261,24
DA:263,24
DA:264,24
DA:265,24
DA:266,24
DA:268,24
DA:269,3
DA:270,3
DA:271,3
DA:272,3
DA:275,24
DA:276,1
DA:277,1
DA:278,1
DA:279,1
DA:281,24
DA:284,24
DA:285,24
DA:286,24
DA:287,24
DA:288,24
DA:289,24
DA:290,24
DA:291,24
DA:292,24
DA:293,24
DA:294,24
DA:295,24
DA:296,1
DA:297,1
DA:298,1
DA:299,1
DA:300,1
DA:302,1
DA:303,2
DA:304,2
DA:305,2
DA:306,1
DA:307,1
DA:308,1
DA:310,23
DA:312,23
DA:314,24
DA:315,24
DA:317,24
DA:318,24
DA:320,24
LF:255
LH:225
BRDA:25,0,0,24
BRDA:35,1,0,16
BRDA:181,2,0,16
BRDA:183,3,0,1
BRDA:183,4,0,23
BRDA:185,5,0,23
BRDA:186,6,0,0
BRDA:188,7,0,1
BRDA:189,8,0,0
BRDA:189,9,0,0
BRDA:206,10,0,0
BRDA:206,11,0,0
BRDA:208,12,0,2
BRDA:209,13,0,0
BRDA:209,14,0,22
BRDA:210,15,0,6
BRDA:211,16,0,16
BRDA:221,17,0,3
BRDA:221,18,0,21
BRDA:254,19,0,0
BRDA:263,20,0,2
BRDA:263,21,0,22
BRDA:268,22,0,3
BRDA:275,23,0,1
BRDA:295,24,0,1
BRDA:308,25,0,23
BRDA:39,26,0,16
BRDA:47,27,0,9
BRDA:49,28,0,9
BRDA:52,29,0,0
BRDA:61,30,0,0
BRDA:71,31,0,7
BRDA:74,32,0,7
BRDA:79,33,0,6
BRDA:80,34,0,1
BRDA:93,35,0,7
BRDA:94,36,0,4
BRDA:97,37,0,3
BRDA:98,38,0,2
BRDA:103,39,0,3
BRDA:105,40,0,1
BRDA:108,41,0,2
BRDA:121,42,0,0
BRDA:124,43,0,2
BRDA:147,44,0,1
BRDA:154,45,0,1
BRDA:155,46,0,0
BRDA:160,47,0,0
BRDA:162,48,0,0
BRDA:169,49,0,1
BRDA:183,50,0,1
BRDA:225,51,0,2
BRDA:227,52,0,0
BRDA:240,53,0,2
BRDA:258,54,0,1
BRDA:302,55,0,2
BRF:56
BRH:42
end_of_record
TN:
SF:src/components/settings/GeneralSettings.tsx
FN:1,(empty-report)
FNF:1
FNH:1
FNDA:1,(empty-report)
DA:2,0
DA:3,0
DA:4,0
DA:12,0
DA:13,0
DA:14,0
DA:15,0
DA:16,0
DA:17,0
DA:19,0
DA:20,0
DA:21,0
DA:22,0
DA:23,0
DA:24,0
DA:25,0
DA:26,0
DA:27,0
DA:28,0
DA:29,0
DA:31,0
DA:32,0
DA:33,0
DA:34,0
DA:35,0
DA:36,0
DA:37,0
DA:39,0
DA:40,0
DA:41,0
DA:42,0
DA:43,0
DA:44,0
DA:45,0
DA:47,0
DA:48,0
DA:49,0
DA:50,0
DA:51,0
DA:52,0
DA:53,0
DA:54,0
DA:56,0
DA:57,0
DA:58,0
DA:59,0
DA:60,0
DA:61,0
DA:62,0
DA:63,0
DA:64,0
DA:66,0
DA:67,0
DA:69,0
DA:70,0
DA:71,0
DA:73,0
DA:74,0
DA:75,0
DA:76,0
DA:77,0
DA:78,0
DA:79,0
DA:80,0
DA:81,0
DA:82,0
DA:83,0
DA:84,0
DA:85,0
DA:86,0
DA:87,0
DA:88,0
DA:89,0
DA:90,0
DA:91,0
DA:92,0
DA:93,0
DA:95,0
DA:96,0
DA:97,0
DA:98,0
DA:99,0
DA:100,0
DA:101,0
DA:102,0
DA:104,0
DA:105,0
DA:106,0
DA:107,0
DA:109,0
DA:110,0
DA:111,0
DA:112,0
DA:113,0
DA:114,0
DA:116,0
DA:117,0
DA:118,0
DA:119,0
DA:121,0
DA:122,0
DA:123,0
DA:124,0
DA:125,0
DA:126,0
DA:128,0
DA:129,0
DA:130,0
DA:131,0
DA:133,0
DA:134,0
DA:135,0
DA:136,0
DA:137,0
DA:138,0
DA:139,0
DA:140,0
DA:141,0
DA:142,0
DA:143,0
DA:145,0
DA:146,0
DA:147,0
DA:149,0
DA:150,0
DA:151,0
DA:152,0
DA:153,0
DA:154,0
DA:155,0
DA:156,0
DA:157,0
DA:158,0
DA:159,0
DA:160,0
DA:161,0
DA:162,0
DA:163,0
DA:164,0
DA:165,0
DA:167,0
DA:168,0
DA:170,0
LF:143
LH:0
BRDA:1,0,0,1
BRF:1
BRH:1
end_of_record
TN:
SF:src/components/settings/HotkeyRecorder.tsx
FN:1,(empty-report)
FNF:1
FNH:0
FNDA:0,(empty-report)
DA:1,0
DA:2,0
DA:11,0
DA:12,0
DA:15,0
DA:16,0
DA:17,0
DA:19,0
DA:21,0
DA:22,0
DA:23,0
DA:24,0
DA:25,0
DA:26,0
DA:27,0
DA:28,0
DA:29,0
DA:32,0
DA:33,0
DA:34,0
DA:35,0
DA:36,0
DA:37,0
DA:38,0
DA:39,0
DA:40,0
DA:41,0
DA:42,0
DA:43,0
DA:44,0
DA:45,0
DA:46,0
DA:47,0
DA:48,0
DA:49,0
DA:50,0
DA:51,0
DA:52,0
DA:53,0
DA:54,0
DA:55,0
DA:56,0
DA:58,0
DA:59,0
DA:60,0
DA:61,0
DA:62,0
DA:65,0
DA:66,0
DA:67,0
DA:69,0
DA:70,0
DA:71,0
DA:74,0
DA:75,0
DA:76,0
DA:77,0
DA:78,0
DA:79,0
DA:80,0
DA:86,0
DA:87,0
DA:88,0
DA:90,0
DA:91,0
DA:92,0
DA:93,0
DA:95,0
DA:96,0
DA:97,0
DA:98,0
DA:99,0
DA:101,0
DA:102,0
DA:103,0
DA:104,0
DA:105,0
DA:106,0
DA:107,0
DA:108,0
DA:109,0
DA:111,0
DA:113,0
DA:114,0
DA:115,0
DA:116,0
DA:117,0
DA:119,0
DA:120,0
DA:121,0
DA:122,0
DA:123,0
DA:124,0
DA:125,0
DA:126,0
DA:127,0
DA:128,0
DA:129,0
DA:130,0
DA:131,0
DA:133,0
DA:134,0
DA:136,0
DA:137,0
DA:138,0
DA:139,0
DA:140,0
DA:141,0
DA:143,0
DA:144,0
DA:146,0
DA:148,0
DA:150,0
DA:151,0
DA:152,0
DA:153,0
DA:154,0
DA:155,0
DA:156,0
DA:157,0
DA:158,0
DA:159,0
DA:160,0
DA:161,0
DA:162,0
DA:163,0
DA:164,0
DA:165,0
DA:167,0
DA:169,0
DA:171,0
LF:131
LH:0
BRDA:1,0,0,0
BRF:1
BRH:0
end_of_record
TN:
SF:src/components/settings/KitsSettings.tsx
FN:1,(empty-report)
FNF:1
FNH:0
FNDA:0,(empty-report)
DA:1,0
DA:2,0
DA:4,0
DA:5,0
DA:6,0
DA:7,0
DA:14,0
DA:15,0
DA:16,0
DA:17,0
DA:18,0
DA:20,0
DA:21,0
DA:22,0
DA:23,0
DA:24,0
DA:25,0
DA:26,0
DA:27,0
DA:28,0
DA:31,0
DA:33,0
DA:34,0
DA:35,0
DA:36,0
DA:37,0
DA:39,0
DA:42,0
DA:43,0
DA:44,0
DA:45,0
DA:46,0
DA:48,0
DA:49,0
DA:50,0
DA:52,0
DA:53,0
DA:54,0
DA:56,0
DA:57,0
DA:58,0
DA:60,0
DA:61,0
DA:62,0
DA:63,0
DA:64,0
DA:65,0
DA:66,0
DA:67,0
DA:68,0
DA:69,0
DA:71,0
DA:72,0
DA:73,0
DA:75,0
DA:76,0
DA:77,0
DA:78,0
DA:79,0
DA:80,0
DA:81,0
DA:82,0
DA:83,0
DA:84,0
DA:86,0
DA:87,0
DA:88,0
DA:89,0
DA:90,0
DA:91,0
DA:92,0
DA:93,0
DA:94,0
DA:95,0
DA:97,0
DA:98,0
DA:99,0
DA:100,0
DA:101,0
DA:102,0
DA:103,0
DA:104,0
DA:105,0
DA:106,0
DA:108,0
DA:109,0
DA:110,0
DA:111,0
DA:112,0
DA:114,0
DA:115,0
DA:116,0
DA:118,0
DA:119,0
DA:120,0
DA:121,0
DA:123,0
DA:124,0
DA:127,0
DA:128,0
DA:131,0
DA:134,0
DA:135,0
DA:136,0
DA:137,0
DA:138,0
DA:139,0
DA:140,0
DA:141,0
DA:142,0
DA:143,0
DA:145,0
DA:146,0
DA:147,0
DA:148,0
DA:149,0
DA:150,0
DA:151,0
DA:152,0
DA:153,0
DA:154,0
DA:155,0
DA:157,0
DA:158,0
DA:159,0
DA:160,0
DA:161,0
DA:162,0
DA:163,0
DA:164,0
DA:165,0
DA:166,0
DA:167,0
DA:168,0
DA:169,0
DA:170,0
DA:171,0
DA:172,0
DA:173,0
DA:174,0
DA:175,0
DA:176,0
DA:177,0
DA:178,0
DA:179,0
DA:180,0
DA:181,0
DA:182,0
DA:183,0
DA:184,0
DA:185,0
DA:186,0
DA:187,0
DA:188,0
DA:190,0
DA:192,0
DA:193,0
DA:195,0
DA:198,0
DA:199,0
DA:200,0
DA:201,0
DA:202,0
DA:203,0
DA:204,0
DA:210,0
DA:211,0
DA:212,0
DA:213,0
DA:214,0
DA:215,0
DA:216,0
DA:217,0
DA:218,0
DA:219,0
DA:220,0
DA:221,0
DA:222,0
DA:223,0
DA:224,0
DA:225,0
DA:226,0
DA:227,0
DA:228,0
DA:229,0
DA:231,0
DA:232,0
DA:234,0
DA:236,0
DA:237,0
DA:238,0
DA:239,0
DA:240,0
DA:241,0
DA:242,0
DA:243,0
DA:244,0
DA:245,0
DA:246,0
DA:248,0
DA:250,0
DA:251,0
DA:252,0
DA:253,0
DA:254,0
DA:255,0
DA:256,0
DA:257,0
DA:258,0
DA:259,0
DA:268,0
DA:269,0
DA:270,0
DA:271,0
DA:272,0
DA:273,0
DA:274,0
DA:275,0
DA:276,0
DA:277,0
DA:278,0
DA:279,0
DA:280,0
DA:281,0
DA:282,0
DA:283,0
DA:284,0
DA:285,0
DA:286,0
DA:287,0
DA:288,0
DA:289,0
DA:290,0
DA:291,0
DA:292,0
DA:293,0
DA:294,0
DA:295,0
DA:296,0
DA:297,0
DA:299,0
LF:241
LH:0
BRDA:1,0,0,0
BRF:1
BRH:0
end_of_record
TN:
SF:src/components/settings/ResetSection.tsx
FN:10,ResetSection
FN:13,handleConfirm
FN:23,onClick
FN:28,onClick
FN:38,onClick
FNF:5
FNH:1
FNDA:18,ResetSection
FNDA:0,handleConfirm
FNDA:0,onClick
FNDA:0,onClick
FNDA:0,onClick
DA:1,1
DA:2,1
DA:10,18
DA:11,18
DA:13,18
DA:14,0
DA:15,0
DA:16,0
DA:18,18
DA:19,18
DA:20,18
DA:21,0
DA:22,0
DA:23,0
DA:25,0
DA:26,0
DA:27,0
DA:28,0
DA:29,0
DA:30,0
DA:31,0
DA:33,0
DA:34,0
DA:36,18
DA:37,18
DA:38,18
DA:39,0
DA:40,0
DA:41,18
DA:43,18
DA:45,18
DA:47,18
LF:32
LH:15
BRDA:10,0,0,18
BRDA:20,1,0,0
BRF:2
BRH:1
end_of_record
TN:
SF:src/components/settings/SearchSettings.tsx
FN:1,(empty-report)
FNF:1
FNH:0
FNDA:0,(empty-report)
DA:1,0
DA:3,0
DA:4,0
DA:12,0
DA:13,0
DA:14,0
DA:15,0
DA:17,0
DA:18,0
DA:19,0
DA:20,0
DA:21,0
DA:23,0
DA:24,0
DA:25,0
DA:26,0
DA:27,0
DA:28,0
DA:29,0
DA:30,0
DA:31,0
DA:32,0
DA:34,0
DA:35,0
DA:36,0
DA:37,0
DA:39,0
DA:40,0
DA:42,0
DA:43,0
DA:44,0
DA:45,0
DA:47,0
DA:48,0
DA:49,0
DA:50,0
DA:52,0
DA:53,0
DA:54,0
DA:55,0
DA:57,0
DA:58,0
DA:59,0
DA:61,0
DA:62,0
DA:63,0
DA:66,0
DA:67,0
DA:68,0
DA:69,0
DA:70,0
DA:71,0
DA:72,0
DA:73,0
DA:74,0
DA:75,0
DA:76,0
DA:77,0
DA:78,0
DA:80,0
DA:81,0
DA:82,0
DA:83,0
DA:85,0
DA:87,0
DA:88,0
DA:89,0
DA:90,0
DA:91,0
DA:92,0
DA:93,0
DA:94,0
DA:95,0
DA:96,0
DA:97,0
DA:98,0
DA:99,0
DA:101,0
DA:102,0
DA:103,0
DA:104,0
DA:105,0
DA:106,0
DA:108,0
DA:110,0
DA:112,0
DA:113,0
DA:115,0
LF:88
LH:0
BRDA:1,0,0,0
BRF:1
BRH:0
end_of_record
TN:
SF:src/hooks/useActionPanelDebug.ts
FN:1,(empty-report)
FNF:1
FNH:0
FNDA:0,(empty-report)
DA:1,0
DA:20,0
DA:21,0
DA:22,0
DA:24,0
DA:25,0
DA:27,0
DA:28,0
DA:30,0
DA:31,0
DA:35,0
DA:36,0
DA:39,0
DA:40,0
DA:41,0
DA:42,0
DA:43,0
DA:44,0
DA:45,0
DA:46,0
DA:47,0
DA:48,0
DA:49,0
DA:50,0
LF:24
LH:0
BRDA:1,0,0,0
BRF:1
BRH:0
end_of_record
TN:
SF:src/hooks/useAppIcon.ts
FN:1,(empty-report)
FNF:1
FNH:0
FNDA:0,(empty-report)
DA:1,0
DA:2,0
DA:4,0
DA:10,0
DA:11,0
DA:13,0
DA:14,0
DA:15,0
DA:16,0
DA:17,0
DA:18,0
DA:20,0
DA:22,0
DA:23,0
DA:24,0
DA:25,0
DA:26,0
DA:27,0
DA:28,0
DA:29,0
DA:31,0
DA:32,0
DA:33,0
DA:34,0
DA:36,0
DA:37,0
LF:26
LH:0
BRDA:1,0,0,0
BRF:1
BRH:0
end_of_record
TN:
SF:src/hooks/useChat.ts
FN:21,logDevDiagnostic
FN:26,setupListeners
FN:62,teardownListeners
FN:87,useChat
FNF:4
FNH:4
FNDA:25,logDevDiagnostic
FNDA:9,setupListeners
FNDA:9,teardownListeners
FNDA:9,useChat
DA:1,1
DA:2,1
DA:3,1
DA:13,1
DA:14,1
DA:15,1
DA:16,1
DA:17,1
DA:18,1
DA:19,1
DA:21,25
DA:22,25
DA:23,25
DA:24,25
DA:26,9
DA:27,9
DA:28,10
DA:29,10
DA:30,10
DA:31,10
DA:32,7
DA:33,7
DA:34,10
DA:35,10
DA:36,9
DA:37,9
DA:38,2
DA:39,9
DA:40,9
DA:41,1
DA:42,9
DA:43,9
DA:44,0
DA:45,9
DA:46,9
DA:47,0
DA:48,9
DA:50,9
DA:51,9
DA:52,0
DA:53,0
DA:54,0
DA:55,0
DA:56,0
DA:58,9
DA:59,9
DA:60,9
DA:62,9
DA:63,9
DA:64,9
DA:65,9
DA:66,45
DA:67,9
DA:68,9
DA:69,9
DA:70,9
DA:71,9
DA:87,1
DA:88,9
DA:89,9
DA:91,9
DA:92,9
DA:93,9
DA:94,9
DA:95,9
DA:96,0
DA:97,9
DA:98,9
DA:99,9
DA:100,9
DA:101,9
DA:103,9
DA:104,9
DA:105,9
DA:106,9
DA:107,9
DA:108,9
DA:109,9
DA:110,9
LF:79
LH:71
BRDA:21,0,0,25
BRDA:22,1,0,0
BRDA:26,2,0,9
BRDA:51,3,0,0
BRDA:27,4,0,10
BRDA:31,5,0,3
BRDA:31,6,0,7
BRDA:37,7,0,2
BRDA:40,8,0,1
BRDA:62,9,0,9
BRDA:64,10,0,0
BRDA:65,11,0,45
BRDA:87,12,0,9
BRDA:88,13,0,9
BRDA:98,14,0,9
BRDA:103,15,0,9
BRF:16
BRH:13
end_of_record
TN:
SF:src/hooks/useCommandActivation.ts
FN:20,useCommandActivation
FN:25,setup
FNF:2
FNH:2
FNDA:6,useCommandActivation
FNDA:6,setup
DA:1,1
DA:2,1
DA:3,1
DA:20,1
DA:21,6
DA:22,6
DA:23,6
DA:25,6
DA:26,6
DA:27,4
DA:28,4
DA:29,4
DA:30,6
DA:32,6
DA:33,0
DA:34,6
DA:35,6
DA:36,6
DA:37,6
DA:39,6
DA:40,6
DA:41,6
DA:42,6
DA:43,6
DA:44,6
DA:45,6
DA:46,6
DA:47,6
LF:28
LH:27
BRDA:20,0,0,6
BRDA:21,1,0,6
BRDA:25,2,0,6
BRDA:32,3,0,0
BRDA:26,4,0,4
BRDA:40,5,0,6
BRDA:42,6,0,6
BRF:7
BRH:6
end_of_record
TN:
SF:src/hooks/useConfig.ts
FN:4,useConfig
FNF:1
FNH:1
FNDA:13,useConfig
DA:1,1
DA:2,1
DA:4,1
DA:5,13
DA:6,13
DA:8,13
DA:9,6
DA:10,6
DA:11,4
DA:12,4
DA:13,6
DA:14,6
DA:15,1
DA:16,1
DA:17,6
DA:18,13
DA:20,13
DA:21,1
DA:22,1
DA:23,13
DA:25,13
DA:26,13
DA:27,2
DA:28,1
DA:29,1
DA:30,1
DA:31,1
DA:32,1
DA:33,2
DA:34,13
DA:35,13
DA:37,13
DA:38,13
LF:33
LH:33
BRDA:4,0,0,13
BRDA:8,1,0,6
BRDA:10,2,0,4
BRDA:14,3,0,1
BRDA:20,4,0,1
BRDA:26,5,0,2
BRDA:27,6,0,1
BRF:7
BRH:7
end_of_record
TN:
SF:src/hooks/useKeybindings.ts
FN:27,redispatchAsArrow
FN:38,isCmdOrCtrl
FN:42,syncChatStatusFromBackend
FN:55,clearBackendChatWithRetry
FN:98,useKeybindings
FN:100,handleKeyDown
FNF:6
FNH:4
FNDA:4,redispatchAsArrow
FNDA:143,isCmdOrCtrl
FNDA:0,syncChatStatusFromBackend
FNDA:0,clearBackendChatWithRetry
FNDA:46,useKeybindings
FNDA:56,handleKeyDown
DA:1,1
DA:2,1
DA:3,1
DA:4,1
DA:11,1
DA:12,1
DA:15,1
DA:16,1
DA:17,1
DA:18,1
DA:19,1
DA:20,1
DA:27,4
DA:28,4
DA:29,4
DA:30,4
DA:31,4
DA:32,4
DA:33,4
DA:34,4
DA:35,4
DA:38,143
DA:39,143
DA:40,143
DA:42,0
DA:43,0
DA:44,0
DA:45,0
DA:46,0
DA:47,0
DA:48,0
DA:49,0
DA:50,0
DA:52,0
DA:53,0
DA:55,0
DA:56,0
DA:57,0
DA:58,0
DA:59,0
DA:60,0
DA:61,0
DA:62,0
DA:63,0
DA:64,0
DA:65,0
DA:67,0
DA:68,0
DA:69,0
DA:70,0
DA:71,0
DA:73,0
DA:74,0
DA:75,0
DA:76,0
DA:77,0
DA:78,0
DA:79,0
DA:80,0
DA:81,0
DA:82,0
DA:83,0
DA:98,1
DA:99,46
DA:100,46
DA:104,56
DA:105,14
DA:108,14
DA:109,3
DA:110,3
DA:111,1
DA:112,1
DA:113,1
DA:114,1
DA:116,3
DA:117,1
DA:118,1
DA:119,1
DA:120,3
DA:123,14
DA:124,2
DA:125,1
DA:126,1
DA:127,1
DA:128,1
DA:129,2
DA:132,11
DA:133,14
DA:134,4
DA:135,4
DA:136,4
DA:137,4
DA:138,14
DA:141,56
DA:142,2
DA:143,2
DA:144,2
DA:146,2
DA:147,2
DA:148,2
DA:151,56
DA:152,0
DA:153,0
DA:154,0
DA:155,0
DA:156,0
DA:157,0
DA:160,56
DA:161,8
DA:162,8
DA:163,5
DA:164,5
DA:165,5
DA:166,5
DA:167,8
DA:170,56
DA:171,2
DA:176,2
DA:177,2
DA:178,1
DA:179,1
DA:180,1
DA:183,2
DA:184,0
DA:185,0
DA:186,1
DA:187,1
DA:188,1
DA:191,56
DA:192,26
DA:195,26
DA:196,2
DA:197,2
DA:198,2
DA:199,2
DA:202,26
DA:203,2
DA:204,2
DA:205,2
DA:206,2
DA:209,26
DA:210,4
DA:211,2
DA:212,2
DA:213,4
DA:214,4
DA:215,4
DA:218,26
DA:219,2
DA:220,2
DA:221,2
DA:222,2
DA:223,2
DA:226,26
DA:227,2
DA:228,2
DA:229,2
DA:230,2
DA:233,26
DA:234,5
DA:235,5
DA:236,5
DA:237,5
DA:238,5
DA:239,5
DA:240,5
DA:241,5
DA:242,5
DA:245,26
DA:246,3
DA:247,3
DA:249,3
DA:250,3
DA:251,3
DA:252,3
DA:255,6
DA:257,6
DA:258,6
DA:259,56
DA:261,46
DA:262,46
DA:263,46
DA:264,46
DA:265,46
DA:266,46
LF:185
LH:139
BRDA:27,0,0,4
BRDA:38,1,0,143
BRDA:39,2,0,10
BRDA:39,3,0,133
BRDA:98,4,0,46
BRDA:99,5,0,46
BRDA:100,6,0,56
BRDA:104,7,0,19
BRDA:104,8,0,18
BRDA:104,9,0,16
BRDA:104,10,0,14
BRDA:108,11,0,3
BRDA:110,12,0,2
BRDA:110,13,0,1
BRDA:110,14,0,1
BRDA:114,15,0,2
BRDA:116,16,0,1
BRDA:120,17,0,12
BRDA:123,18,0,2
BRDA:124,19,0,1
BRDA:129,20,0,11
BRDA:133,21,0,4
BRDA:138,22,0,49
BRDA:141,23,0,14
BRDA:141,24,0,2
BRDA:148,25,0,47
BRDA:151,26,0,12
BRDA:151,27,0,0
BRDA:157,28,0,47
BRDA:160,29,0,12
BRDA:160,30,0,10
BRDA:160,31,0,8
BRDA:162,32,0,5
BRDA:162,33,0,5
BRDA:167,34,0,42
BRDA:170,35,0,5
BRDA:170,36,0,4
BRDA:170,37,0,3
BRDA:170,38,0,2
BRDA:177,39,0,1
BRDA:183,40,0,0
BRDA:185,41,0,1
BRDA:188,42,0,40
BRDA:191,43,0,26
BRDA:195,44,0,2
BRDA:199,45,0,24
BRDA:202,46,0,2
BRDA:206,47,0,22
BRDA:209,48,0,4
BRDA:210,49,0,2
BRDA:215,50,0,18
BRDA:218,51,0,2
BRDA:223,52,0,16
BRDA:226,53,0,2
BRDA:230,54,0,14
BRDA:233,55,0,5
BRDA:242,56,0,9
BRDA:245,57,0,3
BRDA:252,58,0,6
BRDA:262,59,0,46
BRF:60
BRH:58
end_of_record
TN:
SF:src/hooks/usePrefixDetection.ts
FN:22,usePrefixDetection
FNF:1
FNH:1
FNDA:23,usePrefixDetection
DA:1,1
DA:2,1
DA:3,1
DA:22,1
DA:23,23
DA:24,23
DA:25,23
DA:28,23
DA:29,7
DA:30,7
DA:31,6
DA:32,6
DA:33,6
DA:34,5
DA:35,5
DA:36,5
DA:37,5
DA:38,5
DA:39,5
DA:40,5
DA:41,5
DA:42,5
DA:43,5
DA:44,5
DA:45,6
DA:46,7
DA:47,7
DA:49,7
DA:50,23
DA:53,23
DA:54,23
DA:56,7
DA:57,7
DA:58,7
DA:59,3
DA:60,3
DA:61,3
DA:62,3
DA:63,3
DA:64,3
DA:65,3
DA:66,3
DA:67,1
DA:68,1
DA:69,3
DA:70,3
DA:71,7
DA:72,23
DA:73,23
LF:49
LH:49
BRDA:22,0,0,23
BRDA:23,1,0,80
BRDA:24,2,0,80
BRDA:28,3,0,7
BRDA:30,4,0,6
BRDA:33,5,0,1
BRDA:33,6,0,5
BRDA:47,7,0,1
BRDA:53,8,0,23
BRDA:54,9,0,17
BRDA:54,10,0,16
BRDA:54,11,0,7
BRDA:58,12,0,3
BRDA:66,13,0,1
BRDA:71,14,0,4
BRF:15
BRH:15
end_of_record
TN:
SF:src/hooks/useSearch.ts
FN:5,useSearch
FNF:1
FNH:1
FNDA:17,useSearch
DA:1,1
DA:2,1
DA:3,1
DA:5,1
DA:6,17
DA:7,17
DA:8,17
DA:9,17
DA:10,17
DA:12,17
DA:13,13
DA:15,13
DA:16,2
DA:17,2
DA:18,2
DA:20,11
DA:22,11
DA:23,8
DA:24,2
DA:25,6
DA:27,8
DA:28,8
DA:29,7
DA:30,6
DA:31,6
DA:32,8
DA:33,8
DA:34,1
DA:35,8
DA:36,8
DA:37,8
DA:38,8
DA:39,11
DA:41,11
DA:42,11
DA:43,11
DA:44,17
DA:45,17
LF:38
LH:38
BRDA:5,0,0,17
BRDA:6,1,0,82
BRDA:7,2,0,82
BRDA:8,3,0,82
BRDA:9,4,0,82
BRDA:12,5,0,13
BRDA:13,6,0,4
BRDA:15,7,0,3
BRDA:15,8,0,2
BRDA:18,9,0,11
BRDA:22,10,0,8
BRDA:23,11,0,2
BRDA:24,12,0,6
BRDA:28,13,0,7
BRDA:29,14,0,6
BRDA:33,15,0,1
BRDA:36,16,0,8
BRDA:41,17,0,11
BRF:18
BRH:18
end_of_record
TN:
SF:src/kits/CoreSearchResult.tsx
FN:1,(empty-report)
FNF:1
FNH:1
FNDA:1,(empty-report)
DA:9,0
DA:10,0
DA:11,0
DA:14,0
DA:15,0
DA:16,0
DA:17,0
DA:18,0
DA:19,0
DA:20,0
DA:22,0
DA:23,0
DA:24,0
DA:26,0
DA:27,0
DA:28,0
DA:29,0
DA:30,0
DA:31,0
DA:32,0
DA:33,0
DA:34,0
DA:36,0
LF:23
LH:0
BRDA:1,0,0,1
BRF:1
BRH:1
end_of_record
TN:
SF:src/kits/DefaultKitResult.tsx
FN:1,(empty-report)
FNF:1
FNH:1
FNDA:1,(empty-report)
DA:12,0
DA:13,0
DA:14,0
DA:17,0
DA:19,0
DA:20,0
DA:21,0
DA:22,0
DA:23,0
DA:24,0
DA:25,0
DA:26,0
DA:27,0
DA:28,0
DA:29,0
DA:30,0
DA:31,0
DA:33,0
DA:35,0
DA:36,0
DA:37,0
DA:38,0
DA:39,0
DA:40,0
DA:41,0
DA:43,0
DA:44,0
DA:45,0
DA:46,0
DA:47,0
DA:48,0
DA:49,0
DA:50,0
DA:51,0
DA:52,0
DA:54,0
DA:55,0
DA:56,0
DA:57,0
DA:58,0
DA:60,0
DA:61,0
DA:62,0
DA:63,0
DA:65,0
DA:66,0
DA:67,0
DA:68,0
DA:69,0
DA:70,0
DA:71,0
DA:73,0
DA:74,0
DA:75,0
DA:76,0
LF:55
LH:0
BRDA:1,0,0,1
BRF:1
BRH:1
end_of_record
TN:
SF:src/kits/index.ts
FN:1,(empty-report)
FNF:1
FNH:1
FNDA:1,(empty-report)
DA:7,0
DA:8,0
DA:9,0
DA:11,0
DA:12,0
DA:13,0
DA:14,0
LF:7
LH:0
BRDA:1,0,0,1
BRF:1
BRH:1
end_of_record
TN:
SF:src/kits/registry.ts
FN:28,registerKit
FN:33,getKitComponents
FNF:2
FNH:2
FNDA:7,registerKit
FNDA:4,getKitComponents
DA:25,1
DA:28,1
DA:29,7
DA:30,7
DA:33,1
DA:34,4
DA:35,4
DA:36,0
DA:37,0
DA:38,4
DA:39,4
LF:11
LH:9
BRDA:28,0,0,7
BRDA:33,1,0,4
BRDA:34,2,0,2
BRDA:35,3,0,0
BRF:4
BRH:3
end_of_record
TN:
SF:src/kits/types.ts
FN:1,(empty-report)
FNF:1
FNH:1
FNDA:1,(empty-report)
LF:0
LH:0
BRDA:1,0,0,1
BRF:1
BRH:1
end_of_record
TN:
SF:src/lib/applyTheme.ts
FN:2,applyFontSize
FN:7,resolveTheme
FN:22,applyTheme
FN:30,applyBackdropBlur
FNF:4
FNH:3
FNDA:3,applyFontSize
FNDA:3,resolveTheme
FNDA:3,applyTheme
FNDA:0,applyBackdropBlur
DA:2,1
DA:3,3
DA:4,3
DA:7,3
DA:8,3
DA:9,3
DA:10,0
DA:11,0
DA:12,3
DA:13,0
DA:14,0
DA:15,3
DA:16,0
DA:17,0
DA:18,3
DA:19,3
DA:22,1
DA:23,3
DA:26,3
DA:27,3
DA:30,1
DA:31,0
DA:32,0
DA:35,1
DA:36,0
DA:37,0
DA:38,0
DA:39,0
DA:40,0
DA:41,0
LF:30
LH:16
BRDA:35,0,0,0
BRDA:2,1,0,3
BRDA:7,2,0,3
BRDA:9,3,0,0
BRDA:10,4,0,0
BRDA:12,5,0,0
BRDA:15,6,0,0
BRDA:22,7,0,3
BRF:8
BRH:3
end_of_record
TN:
SF:src/lib/commands.ts
FN:5,hideWindow
FN:9,showWindow
FN:13,toggleWindow
FN:19,searchFiles
FN:23,searchAll
FN:27,openFile
FN:31,getAppIcon
FN:35,openSettings
FN:47,getChatStatus
FN:51,sendChatMessage
FN:73,getAvailableModels
FN:77,getProjectModelConfigStatus
FN:81,setProjectDefaultModel
FN:85,abortChat
FN:89,clearChat
FN:98,getSessionMessages
FN:102,initOpencode
FN:154,getConfig
FN:158,getDefaultConfig
FN:162,updateConfig
FN:168,revealInFileManager
FN:172,deleteToTrash
FN:176,openInEditor
FN:180,openInTerminal
FN:206,getKitManifests
FN:210,searchCommand
FN:218,executeCommand
FN:225,handleCustomAction
FNF:28
FNH:17
FNDA:1,hideWindow
FNDA:1,showWindow
FNDA:1,toggleWindow
FNDA:1,searchFiles
FNDA:1,searchAll
FNDA:1,openFile
FNDA:2,getAppIcon
FNDA:0,openSettings
FNDA:0,getChatStatus
FNDA:1,sendChatMessage
FNDA:1,getAvailableModels
FNDA:1,getProjectModelConfigStatus
FNDA:1,setProjectDefaultModel
FNDA:0,abortChat
FNDA:1,clearChat
FNDA:1,getSessionMessages
FNDA:1,initOpencode
FNDA:0,getConfig
FNDA:0,getDefaultConfig
FNDA:0,updateConfig
FNDA:1,revealInFileManager
FNDA:1,deleteToTrash
FNDA:1,openInEditor
FNDA:0,openInTerminal
FNDA:0,getKitManifests
FNDA:0,searchCommand
FNDA:0,executeCommand
FNDA:0,handleCustomAction
DA:1,1
DA:5,1
DA:6,1
DA:7,1
DA:9,1
DA:10,1
DA:11,1
DA:13,1
DA:14,1
DA:15,1
DA:19,1
DA:20,1
DA:21,1
DA:23,1
DA:24,1
DA:25,1
DA:27,1
DA:28,1
DA:29,1
DA:31,2
DA:32,2
DA:33,2
DA:35,0
DA:36,0
DA:37,0
DA:47,0
DA:48,0
DA:49,0
DA:51,1
DA:52,1
DA:53,1
DA:54,1
DA:55,1
DA:56,1
DA:57,1
DA:73,1
DA:74,1
DA:75,1
DA:77,1
DA:78,1
DA:79,1
DA:81,1
DA:82,1
DA:83,1
DA:85,0
DA:86,0
DA:87,0
DA:89,1
DA:90,1
DA:91,1
DA:98,1
DA:99,1
DA:100,1
DA:102,1
DA:103,1
DA:104,1
DA:154,0
DA:155,0
DA:156,0
DA:158,0
DA:159,0
DA:160,0
DA:162,0
DA:163,0
DA:164,0
DA:168,1
DA:169,1
DA:170,1
DA:172,1
DA:173,1
DA:174,1
DA:176,1
DA:177,1
DA:178,1
DA:180,0
DA:181,0
DA:182,0
DA:206,0
DA:207,0
DA:208,0
DA:210,0
DA:211,0
DA:212,0
DA:213,0
DA:214,0
DA:215,0
DA:216,0
DA:218,0
DA:219,0
DA:220,0
DA:221,0
DA:222,0
DA:223,0
DA:225,0
DA:226,0
DA:227,0
LF:96
LH:56
BRDA:5,0,0,1
BRDA:9,1,0,1
BRDA:13,2,0,1
BRDA:19,3,0,1
BRDA:23,4,0,1
BRDA:27,5,0,1
BRDA:31,6,0,2
BRDA:51,7,0,1
BRDA:73,8,0,1
BRDA:77,9,0,1
BRDA:81,10,0,1
BRDA:89,11,0,1
BRDA:98,12,0,1
BRDA:102,13,0,1
BRDA:168,14,0,1
BRDA:172,15,0,1
BRDA:176,16,0,1
BRF:17
BRH:17
end_of_record
TN:
SF:src/lib/focus.ts
FN:2,focusSearchBar
FN:18,suppressNextBlurHide
FN:23,shouldHideOnBlur
FNF:3
FNH:3
FNDA:4,focusSearchBar
FNDA:6,suppressNextBlurHide
FNDA:5,shouldHideOnBlur
DA:2,1
DA:3,4
DA:4,4
DA:5,4
DA:11,1
DA:18,1
DA:19,6
DA:20,6
DA:23,1
DA:24,5
DA:25,5
LF:11
LH:11
BRDA:2,0,0,4
BRDA:4,1,0,1
BRDA:18,2,0,6
BRDA:23,3,0,5
BRF:4
BRH:4
end_of_record
TN:
SF:src/lib/markdown.ts
FN:22,parseBlocks
FN:28,flushParagraph
FN:118,parseInline
FN:170,renderMarkdown
FNF:4
FNH:4
FNDA:14,parseBlocks
FNDA:18,flushParagraph
FNDA:12,parseInline
FNDA:14,renderMarkdown
DA:10,1
DA:22,14
DA:23,14
DA:24,14
DA:25,14
DA:26,14
DA:28,14
DA:29,18
DA:30,12
DA:31,12
DA:32,12
DA:33,18
DA:35,14
DA:36,20
DA:39,20
DA:40,20
DA:41,4
DA:42,4
DA:43,4
DA:44,4
DA:45,4
DA:46,4
DA:47,4
DA:48,4
DA:49,4
DA:50,4
DA:51,4
DA:52,4
DA:55,16
DA:56,20
DA:57,0
DA:58,0
DA:59,0
DA:60,0
DA:61,0
DA:62,0
DA:63,0
DA:64,0
DA:65,0
DA:68,20
DA:69,0
DA:70,0
DA:71,0
DA:72,0
DA:73,0
DA:76,20
DA:77,0
DA:78,0
DA:79,0
DA:80,0
DA:81,0
DA:82,0
DA:83,0
DA:84,0
DA:85,0
DA:88,16
DA:89,16
DA:90,20
DA:91,0
DA:92,0
DA:93,0
DA:94,0
DA:95,0
DA:96,0
DA:97,0
DA:98,0
DA:99,0
DA:100,0
DA:101,0
DA:102,0
DA:103,0
DA:104,0
DA:105,0
DA:106,0
DA:109,16
DA:110,16
DA:111,16
DA:113,14
DA:114,14
DA:115,14
DA:118,12
DA:119,12
DA:121,12
DA:122,12
DA:123,12
DA:124,12
DA:126,12
DA:128,8
DA:129,8
DA:130,8
DA:132,8
DA:134,3
DA:135,8
DA:137,2
DA:138,5
DA:140,2
DA:141,3
DA:143,1
DA:144,1
DA:145,1
DA:146,1
DA:147,1
DA:148,1
DA:149,1
DA:150,1
DA:151,1
DA:152,1
DA:153,1
DA:154,1
DA:155,1
DA:156,1
DA:158,8
DA:159,8
DA:162,12
DA:163,12
DA:164,12
DA:166,12
DA:167,12
DA:170,1
DA:171,14
DA:173,14
DA:174,14
DA:175,14
DA:176,14
DA:177,16
DA:178,4
DA:179,4
DA:180,4
DA:181,4
DA:182,4
DA:183,4
DA:184,4
DA:185,4
DA:186,4
DA:187,4
DA:189,16
DA:190,0
DA:191,0
DA:192,0
DA:193,0
DA:194,0
DA:195,0
DA:196,0
DA:197,0
DA:199,16
DA:200,0
DA:201,0
DA:203,16
DA:204,0
DA:205,0
DA:206,0
DA:207,0
DA:208,0
DA:209,0
DA:210,0
DA:211,0
DA:212,0
DA:213,0
DA:215,16
DA:216,0
DA:217,0
DA:218,0
DA:219,0
DA:220,0
DA:221,0
DA:224,12
DA:225,12
DA:226,13
DA:227,12
DA:228,12
DA:229,12
DA:230,12
DA:231,12
DA:232,12
DA:233,14
DA:234,14
DA:235,14
LF:177
LH:112
BRDA:22,0,0,14
BRDA:35,1,0,20
BRDA:36,2,0,0
BRDA:40,3,0,4
BRDA:42,4,0,0
BRDA:45,5,0,7
BRDA:45,6,0,0
BRDA:46,7,0,0
BRDA:52,8,0,16
BRDA:56,9,0,0
BRDA:65,10,0,16
BRDA:68,11,0,0
BRDA:73,12,0,16
BRDA:76,13,0,0
BRDA:85,14,0,16
BRDA:90,15,0,0
BRDA:106,16,0,16
BRDA:28,17,0,18
BRDA:29,18,0,12
BRDA:118,19,0,12
BRDA:126,20,0,8
BRDA:132,21,0,3
BRDA:135,22,0,5
BRDA:135,23,0,2
BRDA:138,24,0,3
BRDA:138,25,0,2
BRDA:141,26,0,1
BRDA:166,27,0,0
BRDA:170,28,0,14
BRDA:176,29,0,16
BRDA:177,30,0,4
BRDA:183,31,0,2
BRDA:183,32,0,2
BRDA:187,33,0,12
BRDA:189,34,0,0
BRDA:197,35,0,12
BRDA:199,36,0,0
BRDA:201,37,0,12
BRDA:203,38,0,0
BRDA:213,39,0,12
BRDA:215,40,0,0
BRDA:221,41,0,12
BRDA:225,42,0,13
BRDA:226,43,0,1
BRDA:226,44,0,12
BRF:45
BRH:32
end_of_record
TN:
SF:src/lib/platform.ts
FN:2,isMac
FN:7,isWindows
FNF:2
FNH:2
FNDA:4,isMac
FNDA:4,isWindows
DA:2,1
DA:3,4
DA:4,4
DA:7,1
DA:8,4
DA:9,4
LF:6
LH:6
BRDA:2,0,0,4
BRDA:7,1,0,4
BRF:2
BRH:2
end_of_record
TN:
SF:src/stores/chatStore.ts
FN:45,filterAndSortModels
FN:151,addUserMessage
FN:160,appendToken
FN:166,finishResponse
FN:180,setError
FN:189,setNotice
FN:193,clearNotice
FN:197,setStreaming
FN:201,setChatStatus
FN:205,setSelectedModel
FN:209,openModelPicker
FN:220,closeModelPicker
FN:231,setAvailableModels
FN:235,setDefaultModelId
FN:239,setHasProjectDefaultModel
FN:243,setModelPickerQuery
FN:247,setModelPickerIndex
FN:251,openModelPickerActionPanel
FN:255,closeModelPickerActionPanel
FN:259,setModelPickerActionIndex
FN:263,openSlashMenu
FN:267,closeSlashMenu
FN:271,setSlashMenuIndex
FN:275,setSlashMenuDismissed
FN:279,addToolCall
FN:285,removeToolCall
FN:291,resetTransientState
FN:295,setMessages
FN:299,clearChat
FNF:29
FNH:25
FNDA:43,filterAndSortModels
FNDA:6,addUserMessage
FNDA:17,appendToken
FNDA:10,finishResponse
FNDA:2,setError
FNDA:1,setNotice
FNDA:2,clearNotice
FNDA:0,setStreaming
FNDA:2,setChatStatus
FNDA:5,setSelectedModel
FNDA:7,openModelPicker
FNDA:5,closeModelPicker
FNDA:25,setAvailableModels
FNDA:25,setDefaultModelId
FNDA:27,setHasProjectDefaultModel
FNDA:3,setModelPickerQuery
FNDA:5,setModelPickerIndex
FNDA:4,openModelPickerActionPanel
FNDA:4,closeModelPickerActionPanel
FNDA:1,setModelPickerActionIndex
FNDA:0,openSlashMenu
FNDA:4,closeSlashMenu
FNDA:0,setSlashMenuIndex
FNDA:28,setSlashMenuDismissed
FNDA:4,addToolCall
FNDA:1,removeToolCall
FNDA:6,resetTransientState
FNDA:0,setMessages
FNDA:2,clearChat
DA:1,1
DA:26,1
DA:45,1
DA:46,43
DA:47,43
DA:48,43
DA:49,43
DA:50,43
DA:51,43
DA:52,43
DA:53,39
DA:54,4
DA:55,4
DA:56,4
DA:57,3
DA:58,3
DA:59,4
DA:61,43
DA:62,8
DA:63,8
DA:65,8
DA:66,8
DA:68,4
DA:69,43
DA:70,43
DA:129,1
DA:130,7
DA:131,7
DA:132,7
DA:133,7
DA:134,7
DA:135,7
DA:136,7
DA:137,7
DA:138,7
DA:139,7
DA:140,7
DA:141,7
DA:142,7
DA:143,7
DA:144,7
DA:145,7
DA:146,7
DA:147,7
DA:148,7
DA:149,7
DA:151,7
DA:152,6
DA:153,6
DA:154,6
DA:155,6
DA:156,6
DA:157,6
DA:158,6
DA:160,7
DA:161,17
DA:162,17
DA:163,17
DA:164,17
DA:166,7
DA:167,10
DA:168,10
DA:169,1
DA:170,1
DA:171,1
DA:172,9
DA:173,9
DA:174,9
DA:175,9
DA:176,9
DA:177,9
DA:178,10
DA:180,7
DA:181,2
DA:182,2
DA:183,2
DA:184,2
DA:185,2
DA:186,2
DA:187,2
DA:189,7
DA:190,1
DA:191,1
DA:193,7
DA:194,2
DA:195,2
DA:197,7
DA:198,0
DA:199,0
DA:201,7
DA:202,2
DA:203,2
DA:205,7
DA:206,5
DA:207,5
DA:209,7
DA:210,7
DA:211,7
DA:212,7
DA:213,7
DA:214,7
DA:215,7
DA:216,7
DA:217,7
DA:218,7
DA:220,7
DA:221,5
DA:222,5
DA:223,5
DA:224,5
DA:225,5
DA:226,5
DA:227,5
DA:228,5
DA:229,5
DA:231,7
DA:232,25
DA:233,25
DA:235,7
DA:236,25
DA:237,25
DA:239,7
DA:240,27
DA:241,27
DA:243,7
DA:244,3
DA:245,3
DA:247,7
DA:248,5
DA:249,5
DA:251,7
DA:252,4
DA:253,4
DA:255,7
DA:256,4
DA:257,4
DA:259,7
DA:260,1
DA:261,1
DA:263,7
DA:264,0
DA:265,0
DA:267,7
DA:268,4
DA:269,4
DA:271,7
DA:272,0
DA:273,0
DA:275,7
DA:276,28
DA:277,28
DA:279,7
DA:280,4
DA:281,4
DA:282,4
DA:283,4
DA:285,7
DA:286,1
DA:287,1
DA:288,1
DA:289,1
DA:291,7
DA:292,6
DA:293,6
DA:295,7
DA:296,0
DA:297,0
DA:299,7
DA:300,2
DA:301,2
DA:302,1
LF:171
LH:163
BRDA:45,0,0,43
BRDA:52,1,0,39
BRDA:53,2,0,4
BRDA:55,3,0,4
BRDA:56,4,0,3
BRDA:57,5,0,3
BRDA:61,6,0,8
BRDA:65,7,0,4
BRDA:65,8,0,4
BRDA:66,9,0,0
BRDA:66,10,0,4
BRDA:129,11,0,7
BRDA:151,12,0,6
BRDA:152,13,0,6
BRDA:160,14,0,17
BRDA:161,15,0,17
BRDA:166,16,0,10
BRDA:168,17,0,1
BRDA:171,18,0,9
BRDA:172,19,0,9
BRDA:180,20,0,2
BRDA:181,21,0,2
BRDA:189,22,0,1
BRDA:193,23,0,2
BRDA:201,24,0,2
BRDA:205,25,0,5
BRDA:209,26,0,7
BRDA:220,27,0,5
BRDA:231,28,0,25
BRDA:235,29,0,25
BRDA:239,30,0,27
BRDA:243,31,0,3
BRDA:247,32,0,5
BRDA:251,33,0,4
BRDA:255,34,0,4
BRDA:259,35,0,1
BRDA:267,36,0,4
BRDA:275,37,0,28
BRDA:279,38,0,4
BRDA:280,39,0,4
BRDA:285,40,0,1
BRDA:286,41,0,1
BRDA:287,42,0,2
BRDA:291,43,0,6
BRDA:299,44,0,2
BRF:45
BRH:44
end_of_record
TN:
SF:src/stores/searchStore.ts
FN:69,toggleMode
FN:73,setMode
FN:77,setQuery
FN:86,setResults
FN:90,setSelectedIndex
FN:94,moveSelection
FN:111,activateCommand
FN:115,deactivateCommand
FN:119,clearSearch
FN:137,openActionPanel
FN:150,closeActionPanel
FN:160,setActionFilterQuery
FN:164,moveActionSelection
FN:177,armAction
FN:181,disarmAction
FN:185,getFilteredActions
FN:193,refreshSearch
FN:205,getActionLabel
FN:237,actionRequiresConfirmation
FNF:19
FNH:17
FNDA:2,toggleMode
FNDA:2,setMode
FNDA:4,setQuery
FNDA:9,setResults
FNDA:3,setSelectedIndex
FNDA:6,moveSelection
FNDA:10,activateCommand
FNDA:4,deactivateCommand
FNDA:2,clearSearch
FNDA:36,openActionPanel
FNDA:10,closeActionPanel
FNDA:0,setActionFilterQuery
FNDA:6,moveActionSelection
FNDA:8,armAction
FNDA:2,disarmAction
FNDA:8,getFilteredActions
FNDA:0,refreshSearch
FNDA:44,getActionLabel
FNDA:49,actionRequiresConfirmation
DA:1,1
DA:3,1
DA:53,1
DA:54,13
DA:55,13
DA:56,13
DA:57,13
DA:58,13
DA:59,13
DA:60,13
DA:63,13
DA:64,13
DA:65,13
DA:66,13
DA:67,13
DA:69,13
DA:70,2
DA:71,2
DA:73,13
DA:74,2
DA:75,2
DA:77,13
DA:78,4
DA:79,4
DA:80,1
DA:81,4
DA:82,3
DA:83,3
DA:84,4
DA:86,13
DA:87,9
DA:88,9
DA:90,13
DA:91,3
DA:92,3
DA:94,13
DA:95,6
DA:96,6
DA:97,1
DA:98,1
DA:99,1
DA:100,5
DA:101,5
DA:103,4
DA:104,4
DA:105,2
DA:106,2
DA:108,6
DA:109,6
DA:111,13
DA:112,10
DA:113,10
DA:115,13
DA:116,4
DA:117,4
DA:119,13
DA:120,2
DA:121,2
DA:122,2
DA:123,2
DA:124,2
DA:125,2
DA:126,2
DA:127,2
DA:128,2
DA:129,2
DA:130,2
DA:131,2
DA:132,2
DA:133,2
DA:137,13
DA:138,36
DA:139,36
DA:140,36
DA:141,35
DA:142,35
DA:143,35
DA:144,35
DA:145,35
DA:146,35
DA:147,35
DA:148,36
DA:150,13
DA:151,10
DA:152,10
DA:153,10
DA:154,10
DA:155,10
DA:156,10
DA:157,10
DA:158,10
DA:160,13
DA:161,0
DA:162,0
DA:164,13
DA:165,6
DA:166,6
DA:168,6
DA:169,6
DA:170,6
DA:171,4
DA:172,2
DA:174,6
DA:175,6
DA:177,13
DA:178,8
DA:179,8
DA:181,13
DA:182,2
DA:183,2
DA:185,13
DA:186,8
DA:187,8
DA:188,8
DA:189,1
DA:190,1
DA:191,8
DA:193,13
DA:196,0
DA:197,0
DA:198,1
DA:205,1
DA:206,44
DA:207,44
DA:208,13
DA:209,44
DA:210,0
DA:211,44
DA:212,3
DA:213,44
DA:214,2
DA:215,2
DA:216,2
DA:217,44
DA:218,9
DA:219,44
DA:220,4
DA:221,44
DA:222,11
DA:223,44
DA:224,0
DA:225,44
DA:226,0
DA:227,44
DA:228,0
DA:229,44
DA:230,0
DA:231,44
DA:232,2
DA:233,44
DA:234,44
DA:237,1
DA:238,49
DA:239,49
DA:240,22
DA:241,22
LF:156
LH:147
BRDA:53,0,0,13
BRDA:69,1,0,2
BRDA:70,2,0,1
BRDA:70,3,0,1
BRDA:73,4,0,2
BRDA:77,5,0,4
BRDA:79,6,0,1
BRDA:81,7,0,3
BRDA:86,8,0,9
BRDA:90,9,0,3
BRDA:94,10,0,6
BRDA:96,11,0,1
BRDA:99,12,0,5
BRDA:101,13,0,1
BRDA:101,14,0,4
BRDA:104,15,0,2
BRDA:105,16,0,2
BRDA:111,17,0,10
BRDA:115,18,0,4
BRDA:119,19,0,2
BRDA:137,20,0,36
BRDA:140,21,0,1
BRDA:140,22,0,35
BRDA:150,23,0,10
BRDA:164,24,0,6
BRDA:166,25,0,0
BRDA:170,26,0,4
BRDA:171,27,0,2
BRDA:177,28,0,8
BRDA:181,29,0,2
BRDA:185,30,0,8
BRDA:187,31,0,0
BRDA:188,32,0,7
BRDA:188,33,0,1
BRDA:190,34,0,6
BRDA:205,35,0,44
BRDA:207,36,0,13
BRDA:209,37,0,0
BRDA:211,38,0,3
BRDA:213,39,0,2
BRDA:214,40,0,0
BRDA:215,41,0,0
BRDA:217,42,0,9
BRDA:219,43,0,4
BRDA:221,44,0,11
BRDA:223,45,0,0
BRDA:225,46,0,0
BRDA:227,47,0,0
BRDA:229,48,0,0
BRDA:231,49,0,2
BRDA:237,50,0,49
BRDA:238,51,0,22
BRDA:238,52,0,27
BRDA:239,53,0,6
BRDA:239,54,0,5
BRDA:239,55,0,22
BRF:56
BRH:47
end_of_record
